<?xml version="1.0" encoding="UTF-8"?>
<!-- Generated by org.testng.reporters.JUnitXMLReporter -->
<testsuite ignored="0" hostname="INHNJLPT-978465" failures="0" tests="4" name="Banking App Test" time="164.84" errors="0" timestamp="2024-04-01T15:58:16 IST">
  <testcase classname="com.inetBanking.testcases.TC_LoginTest_001" name="loginTest" time="4.573"/>
  <testcase classname="com.inetBanking.testcases.TC_AddCustomer_003" name="addNewCustomer" time="11.749"/>
  <testcase classname="com.inetBanking.testcases.TC_EditCustomer_004" name="editCustomer" time="22.682"/>
  <testcase classname="com.inetBanking.testcases.Tc_NewAccount_005" name="addNewCustomer" time="19.43"/>
</testsuite> <!-- Banking App Test -->
