<?xml version="1.0" encoding="UTF-8"?>
<!-- Generated by org.testng.reporters.JUnitXMLReporter -->
<testsuite ignored="0" hostname="INHNJLPT-978465" failures="0" tests="1" name="Test" time="0.165" errors="0" timestamp="2024-03-26T17:17:13 IST">
  <testcase classname="com.inetBanking.testcases.BaseClass" name="@BeforeClass setUp" time="0.1">
    <failure type="java.lang.StackOverflowError">
      <![CDATA[java.lang.StackOverflowError
at com.inetBanking.utilities.ReadConfig.getEdgepath(ReadConfig.java:49)
at com.inetBanking.utilities.ReadConfig.getEdgepath(ReadConfig.java:49)
at com.inetBanking.utilities.ReadConfig.getEdgepath(ReadConfig.java:49)
at com.inetBanking.utilities.ReadConfig.getEdgepath(ReadConfig.java:49)
at com.inetBanking.utilities.ReadConfig.getEdgepath(ReadConfig.java:49)
at com.inetBanking.utilities.ReadConfig.getEdgepath(ReadConfig.java:49)
at com.inetBanking.utilities.ReadConfig.getEdgepath(ReadConfig.java:49)
at com.inetBanking.utilities.ReadConfig.getEdgepath(ReadConfig.java:49)
at com.inetBanking.utilities.ReadConfig.getEdgepath(ReadConfig.java:49)
at com.inetBanking.utilities.ReadConfig.getEdgepath(ReadConfig.java:49)
at com.inetBanking.utilities.ReadConfig.getEdgepath(ReadConfig.java:49)
at com.inetBanking.utilities.ReadConfig.getEdgepath(ReadConfig.java:49)
at com.inetBanking.utilities.ReadConfig.getEdgepath(ReadConfig.java:49)
at com.inetBanking.utilities.ReadConfig.getEdgepath(ReadConfig.java:49)
at com.inetBanking.utilities.ReadConfig.getEdgepath(ReadConfig.java:49)
at com.inetBanking.utilities.ReadConfig.getEdgepath(ReadConfig.java:49)
at com.inetBanking.utilities.ReadConfig.getEdgepath(ReadConfig.java:49)
at com.inetBanking.utilities.ReadConfig.getEdgepath(ReadConfig.java:49)
at com.inetBanking.utilities.ReadConfig.getEdgepath(ReadConfig.java:49)
at com.inetBanking.utilities.ReadConfig.getEdgepath(ReadConfig.java:49)
at com.inetBanking.utilities.ReadConfig.getEdgepath(ReadConfig.java:49)
at com.inetBanking.utilities.ReadConfig.getEdgepath(ReadConfig.java:49)
at com.inetBanking.utilities.ReadConfig.getEdgepath(ReadConfig.java:49)
at com.inetBanking.utilities.ReadConfig.getEdgepath(ReadConfig.java:49)
at com.inetBanking.utilities.ReadConfig.getEdgepath(ReadConfig.java:49)
at com.inetBanking.utilities.ReadConfig.getEdgepath(ReadConfig.java:49)
at com.inetBanking.utilities.ReadConfig.getEdgepath(ReadConfig.java:49)
at com.inetBanking.utilities.ReadConfig.getEdgepath(ReadConfig.java:49)
at com.inetBanking.utilities.ReadConfig.getEdgepath(ReadConfig.java:49)
at com.inetBanking.utilities.ReadConfig.getEdgepath(ReadConfig.java:49)
at com.inetBanking.utilities.ReadConfig.getEdgepath(ReadConfig.java:49)
at com.inetBanking.utilities.ReadConfig.getEdgepath(ReadConfig.java:49)
at com.inetBanking.utilities.ReadConfig.getEdgepath(ReadConfig.java:49)
at com.inetBanking.utilities.ReadConfig.getEdgepath(ReadConfig.java:49)
at com.inetBanking.utilities.ReadConfig.getEdgepath(ReadConfig.java:49)
at com.inetBanking.utilities.ReadConfig.getEdgepath(ReadConfig.java:49)
at com.inetBanking.utilities.ReadConfig.getEdgepath(ReadConfig.java:49)
at com.inetBanking.utilities.ReadConfig.getEdgepath(ReadConfig.java:49)
at com.inetBanking.utilities.ReadConfig.getEdgepath(ReadConfig.java:49)
at com.inetBanking.utilities.ReadConfig.getEdgepath(ReadConfig.java:49)
at com.inetBanking.utilities.ReadConfig.getEdgepath(ReadConfig.java:49)
at com.inetBanking.utilities.ReadConfig.getEdgepath(ReadConfig.java:49)
at com.inetBanking.utilities.ReadConfig.getEdgepath(ReadConfig.java:49)
at com.inetBanking.utilities.ReadConfig.getEdgepath(ReadConfig.java:49)
at com.inetBanking.utilities.ReadConfig.getEdgepath(ReadConfig.java:49)
at com.inetBanking.utilities.ReadConfig.getEdgepath(ReadConfig.java:49)
at com.inetBanking.utilities.ReadConfig.getEdgepath(ReadConfig.java:49)
at com.inetBanking.utilities.ReadConfig.getEdgepath(ReadConfig.java:49)
at com.inetBanking.utilities.ReadConfig.getEdgepath(ReadConfig.java:49)
at com.inetBanking.utilities.ReadConfig.getEdgepath(ReadConfig.java:49)
at com.inetBanking.utilities.ReadConfig.getEdgepath(ReadConfig.java:49)
at com.inetBanking.utilities.ReadConfig.getEdgepath(ReadConfig.java:49)
at com.inetBanking.utilities.ReadConfig.getEdgepath(ReadConfig.java:49)
at com.inetBanking.utilities.ReadConfig.getEdgepath(ReadConfig.java:49)
at com.inetBanking.utilities.ReadConfig.getEdgepath(ReadConfig.java:49)
at com.inetBanking.utilities.ReadConfig.getEdgepath(ReadConfig.java:49)
at com.inetBanking.utilities.ReadConfig.getEdgepath(ReadConfig.java:49)
at com.inetBanking.utilities.ReadConfig.getEdgepath(ReadConfig.java:49)
at com.inetBanking.utilities.ReadConfig.getEdgepath(ReadConfig.java:49)
at com.inetBanking.utilities.ReadConfig.getEdgepath(ReadConfig.java:49)
at com.inetBanking.utilities.ReadConfig.getEdgepath(ReadConfig.java:49)
at com.inetBanking.utilities.ReadConfig.getEdgepath(ReadConfig.java:49)
at com.inetBanking.utilities.ReadConfig.getEdgepath(ReadConfig.java:49)
at com.inetBanking.utilities.ReadConfig.getEdgepath(ReadConfig.java:49)
at com.inetBanking.utilities.ReadConfig.getEdgepath(ReadConfig.java:49)
at com.inetBanking.utilities.ReadConfig.getEdgepath(ReadConfig.java:49)
at com.inetBanking.utilities.ReadConfig.getEdgepath(ReadConfig.java:49)
at com.inetBanking.utilities.ReadConfig.getEdgepath(ReadConfig.java:49)
at com.inetBanking.utilities.ReadConfig.getEdgepath(ReadConfig.java:49)
at com.inetBanking.utilities.ReadConfig.getEdgepath(ReadConfig.java:49)
at com.inetBanking.utilities.ReadConfig.getEdgepath(ReadConfig.java:49)
at com.inetBanking.utilities.ReadConfig.getEdgepath(ReadConfig.java:49)
at com.inetBanking.utilities.ReadConfig.getEdgepath(ReadConfig.java:49)
at com.inetBanking.utilities.ReadConfig.getEdgepath(ReadConfig.java:49)
at com.inetBanking.utilities.ReadConfig.getEdgepath(ReadConfig.java:49)
at com.inetBanking.utilities.ReadConfig.getEdgepath(ReadConfig.java:49)
at com.inetBanking.utilities.ReadConfig.getEdgepath(ReadConfig.java:49)
at com.inetBanking.utilities.ReadConfig.getEdgepath(ReadConfig.java:49)
at com.inetBanking.utilities.ReadConfig.getEdgepath(ReadConfig.java:49)
at com.inetBanking.utilities.ReadConfig.getEdgepath(ReadConfig.java:49)
at com.inetBanking.utilities.ReadConfig.getEdgepath(ReadConfig.java:49)
at com.inetBanking.utilities.ReadConfig.getEdgepath(ReadConfig.java:49)
at com.inetBanking.utilities.ReadConfig.getEdgepath(ReadConfig.java:49)
at com.inetBanking.utilities.ReadConfig.getEdgepath(ReadConfig.java:49)
at com.inetBanking.utilities.ReadConfig.getEdgepath(ReadConfig.java:49)
at com.inetBanking.utilities.ReadConfig.getEdgepath(ReadConfig.java:49)
at com.inetBanking.utilities.ReadConfig.getEdgepath(ReadConfig.java:49)
at com.inetBanking.utilities.ReadConfig.getEdgepath(ReadConfig.java:49)
at com.inetBanking.utilities.ReadConfig.getEdgepath(ReadConfig.java:49)
at com.inetBanking.utilities.ReadConfig.getEdgepath(ReadConfig.java:49)
at com.inetBanking.utilities.ReadConfig.getEdgepath(ReadConfig.java:49)
at com.inetBanking.utilities.ReadConfig.getEdgepath(ReadConfig.java:49)
at com.inetBanking.utilities.ReadConfig.getEdgepath(ReadConfig.java:49)
at com.inetBanking.utilities.ReadConfig.getEdgepath(ReadConfig.java:49)
at com.inetBanking.utilities.ReadConfig.getEdgepath(ReadConfig.java:49)
at com.inetBanking.utilities.ReadConfig.getEdgepath(ReadConfig.java:49)
at com.inetBanking.utilities.ReadConfig.getEdgepath(ReadConfig.java:49)
at com.inetBanking.utilities.ReadConfig.getEdgepath(ReadConfig.java:49)
at com.inetBanking.utilities.ReadConfig.getEdgepath(ReadConfig.java:49)
at com.inetBanking.utilities.ReadConfig.getEdgepath(ReadConfig.java:49)
at com.inetBanking.utilities.ReadConfig.getEdgepath(ReadConfig.java:49)
at com.inetBanking.utilities.ReadConfig.getEdgepath(ReadConfig.java:49)
at com.inetBanking.utilities.ReadConfig.getEdgepath(ReadConfig.java:49)
at com.inetBanking.utilities.ReadConfig.getEdgepath(ReadConfig.java:49)
at com.inetBanking.utilities.ReadConfig.getEdgepath(ReadConfig.java:49)
at com.inetBanking.utilities.ReadConfig.getEdgepath(ReadConfig.java:49)
at com.inetBanking.utilities.ReadConfig.getEdgepath(ReadConfig.java:49)
at com.inetBanking.utilities.ReadConfig.getEdgepath(ReadConfig.java:49)
at com.inetBanking.utilities.ReadConfig.getEdgepath(ReadConfig.java:49)
at com.inetBanking.utilities.ReadConfig.getEdgepath(ReadConfig.java:49)
at com.inetBanking.utilities.ReadConfig.getEdgepath(ReadConfig.java:49)
at com.inetBanking.utilities.ReadConfig.getEdgepath(ReadConfig.java:49)
at com.inetBanking.utilities.ReadConfig.getEdgepath(ReadConfig.java:49)
at com.inetBanking.utilities.ReadConfig.getEdgepath(ReadConfig.java:49)
at com.inetBanking.utilities.ReadConfig.getEdgepath(ReadConfig.java:49)
at com.inetBanking.utilities.ReadConfig.getEdgepath(ReadConfig.java:49)
at com.inetBanking.utilities.ReadConfig.getEdgepath(ReadConfig.java:49)
at com.inetBanking.utilities.ReadConfig.getEdgepath(ReadConfig.java:49)
at com.inetBanking.utilities.ReadConfig.getEdgepath(ReadConfig.java:49)
at com.inetBanking.utilities.ReadConfig.getEdgepath(ReadConfig.java:49)
at com.inetBanking.utilities.ReadConfig.getEdgepath(ReadConfig.java:49)
at com.inetBanking.utilities.ReadConfig.getEdgepath(ReadConfig.java:49)
at com.inetBanking.utilities.ReadConfig.getEdgepath(ReadConfig.java:49)
at com.inetBanking.utilities.ReadConfig.getEdgepath(ReadConfig.java:49)
at com.inetBanking.utilities.ReadConfig.getEdgepath(ReadConfig.java:49)
at com.inetBanking.utilities.ReadConfig.getEdgepath(ReadConfig.java:49)
at com.inetBanking.utilities.ReadConfig.getEdgepath(ReadConfig.java:49)
at com.inetBanking.utilities.ReadConfig.getEdgepath(ReadConfig.java:49)
at com.inetBanking.utilities.ReadConfig.getEdgepath(ReadConfig.java:49)
at com.inetBanking.utilities.ReadConfig.getEdgepath(ReadConfig.java:49)
at com.inetBanking.utilities.ReadConfig.getEdgepath(ReadConfig.java:49)
at com.inetBanking.utilities.ReadConfig.getEdgepath(ReadConfig.java:49)
at com.inetBanking.utilities.ReadConfig.getEdgepath(ReadConfig.java:49)
at com.inetBanking.utilities.ReadConfig.getEdgepath(ReadConfig.java:49)
at com.inetBanking.utilities.ReadConfig.getEdgepath(ReadConfig.java:49)
at com.inetBanking.utilities.ReadConfig.getEdgepath(ReadConfig.java:49)
at com.inetBanking.utilities.ReadConfig.getEdgepath(ReadConfig.java:49)
at com.inetBanking.utilities.ReadConfig.getEdgepath(ReadConfig.java:49)
at com.inetBanking.utilities.ReadConfig.getEdgepath(ReadConfig.java:49)
at com.inetBanking.utilities.ReadConfig.getEdgepath(ReadConfig.java:49)
at com.inetBanking.utilities.ReadConfig.getEdgepath(ReadConfig.java:49)
at com.inetBanking.utilities.ReadConfig.getEdgepath(ReadConfig.java:49)
at com.inetBanking.utilities.ReadConfig.getEdgepath(ReadConfig.java:49)
at com.inetBanking.utilities.ReadConfig.getEdgepath(ReadConfig.java:49)
at com.inetBanking.utilities.ReadConfig.getEdgepath(ReadConfig.java:49)
at com.inetBanking.utilities.ReadConfig.getEdgepath(ReadConfig.java:49)
at com.inetBanking.utilities.ReadConfig.getEdgepath(ReadConfig.java:49)
at com.inetBanking.utilities.ReadConfig.getEdgepath(ReadConfig.java:49)
at com.inetBanking.utilities.ReadConfig.getEdgepath(ReadConfig.java:49)
at com.inetBanking.utilities.ReadConfig.getEdgepath(ReadConfig.java:49)
at com.inetBanking.utilities.ReadConfig.getEdgepath(ReadConfig.java:49)
at com.inetBanking.utilities.ReadConfig.getEdgepath(ReadConfig.java:49)
at com.inetBanking.utilities.ReadConfig.getEdgepath(ReadConfig.java:49)
at com.inetBanking.utilities.ReadConfig.getEdgepath(ReadConfig.java:49)
at com.inetBanking.utilities.ReadConfig.getEdgepath(ReadConfig.java:49)
at com.inetBanking.utilities.ReadConfig.getEdgepath(ReadConfig.java:49)
at com.inetBanking.utilities.ReadConfig.getEdgepath(ReadConfig.java:49)
at com.inetBanking.utilities.ReadConfig.getEdgepath(ReadConfig.java:49)
at com.inetBanking.utilities.ReadConfig.getEdgepath(ReadConfig.java:49)
at com.inetBanking.utilities.ReadConfig.getEdgepath(ReadConfig.java:49)
at com.inetBanking.utilities.ReadConfig.getEdgepath(ReadConfig.java:49)
at com.inetBanking.utilities.ReadConfig.getEdgepath(ReadConfig.java:49)
at com.inetBanking.utilities.ReadConfig.getEdgepath(ReadConfig.java:49)
at com.inetBanking.utilities.ReadConfig.getEdgepath(ReadConfig.java:49)
at com.inetBanking.utilities.ReadConfig.getEdgepath(ReadConfig.java:49)
at com.inetBanking.utilities.ReadConfig.getEdgepath(ReadConfig.java:49)
at com.inetBanking.utilities.ReadConfig.getEdgepath(ReadConfig.java:49)
at com.inetBanking.utilities.ReadConfig.getEdgepath(ReadConfig.java:49)
at com.inetBanking.utilities.ReadConfig.getEdgepath(ReadConfig.java:49)
at com.inetBanking.utilities.ReadConfig.getEdgepath(ReadConfig.java:49)
at com.inetBanking.utilities.ReadConfig.getEdgepath(ReadConfig.java:49)
at com.inetBanking.utilities.ReadConfig.getEdgepath(ReadConfig.java:49)
at com.inetBanking.utilities.ReadConfig.getEdgepath(ReadConfig.java:49)
at com.inetBanking.utilities.ReadConfig.getEdgepath(ReadConfig.java:49)
at com.inetBanking.utilities.ReadConfig.getEdgepath(ReadConfig.java:49)
at com.inetBanking.utilities.ReadConfig.getEdgepath(ReadConfig.java:49)
at com.inetBanking.utilities.ReadConfig.getEdgepath(ReadConfig.java:49)
at com.inetBanking.utilities.ReadConfig.getEdgepath(ReadConfig.java:49)
at com.inetBanking.utilities.ReadConfig.getEdgepath(ReadConfig.java:49)
at com.inetBanking.utilities.ReadConfig.getEdgepath(ReadConfig.java:49)
at com.inetBanking.utilities.ReadConfig.getEdgepath(ReadConfig.java:49)
at com.inetBanking.utilities.ReadConfig.getEdgepath(ReadConfig.java:49)
at com.inetBanking.utilities.ReadConfig.getEdgepath(ReadConfig.java:49)
at com.inetBanking.utilities.ReadConfig.getEdgepath(ReadConfig.java:49)
at com.inetBanking.utilities.ReadConfig.getEdgepath(ReadConfig.java:49)
at com.inetBanking.utilities.ReadConfig.getEdgepath(ReadConfig.java:49)
at com.inetBanking.utilities.ReadConfig.getEdgepath(ReadConfig.java:49)
at com.inetBanking.utilities.ReadConfig.getEdgepath(ReadConfig.java:49)
at com.inetBanking.utilities.ReadConfig.getEdgepath(ReadConfig.java:49)
at com.inetBanking.utilities.ReadConfig.getEdgepath(ReadConfig.java:49)
at com.inetBanking.utilities.ReadConfig.getEdgepath(ReadConfig.java:49)
at com.inetBanking.utilities.ReadConfig.getEdgepath(ReadConfig.java:49)
at com.inetBanking.utilities.ReadConfig.getEdgepath(ReadConfig.java:49)
at com.inetBanking.utilities.ReadConfig.getEdgepath(ReadConfig.java:49)
at com.inetBanking.utilities.ReadConfig.getEdgepath(ReadConfig.java:49)
at com.inetBanking.utilities.ReadConfig.getEdgepath(ReadConfig.java:49)
at com.inetBanking.utilities.ReadConfig.getEdgepath(ReadConfig.java:49)
at com.inetBanking.utilities.ReadConfig.getEdgepath(ReadConfig.java:49)
at com.inetBanking.utilities.ReadConfig.getEdgepath(ReadConfig.java:49)
at com.inetBanking.utilities.ReadConfig.getEdgepath(ReadConfig.java:49)
at com.inetBanking.utilities.ReadConfig.getEdgepath(ReadConfig.java:49)
at com.inetBanking.utilities.ReadConfig.getEdgepath(ReadConfig.java:49)
at com.inetBanking.utilities.ReadConfig.getEdgepath(ReadConfig.java:49)
at com.inetBanking.utilities.ReadConfig.getEdgepath(ReadConfig.java:49)
at com.inetBanking.utilities.ReadConfig.getEdgepath(ReadConfig.java:49)
at com.inetBanking.utilities.ReadConfig.getEdgepath(ReadConfig.java:49)
at com.inetBanking.utilities.ReadConfig.getEdgepath(ReadConfig.java:49)
at com.inetBanking.utilities.ReadConfig.getEdgepath(ReadConfig.java:49)
at com.inetBanking.utilities.ReadConfig.getEdgepath(ReadConfig.java:49)
at com.inetBanking.utilities.ReadConfig.getEdgepath(ReadConfig.java:49)
at com.inetBanking.utilities.ReadConfig.getEdgepath(ReadConfig.java:49)
at com.inetBanking.utilities.ReadConfig.getEdgepath(ReadConfig.java:49)
at com.inetBanking.utilities.ReadConfig.getEdgepath(ReadConfig.java:49)
at com.inetBanking.utilities.ReadConfig.getEdgepath(ReadConfig.java:49)
at com.inetBanking.utilities.ReadConfig.getEdgepath(ReadConfig.java:49)
at com.inetBanking.utilities.ReadConfig.getEdgepath(ReadConfig.java:49)
at com.inetBanking.utilities.ReadConfig.getEdgepath(ReadConfig.java:49)
at com.inetBanking.utilities.ReadConfig.getEdgepath(ReadConfig.java:49)
at com.inetBanking.utilities.ReadConfig.getEdgepath(ReadConfig.java:49)
at com.inetBanking.utilities.ReadConfig.getEdgepath(ReadConfig.java:49)
at com.inetBanking.utilities.ReadConfig.getEdgepath(ReadConfig.java:49)
at com.inetBanking.utilities.ReadConfig.getEdgepath(ReadConfig.java:49)
at com.inetBanking.utilities.ReadConfig.getEdgepath(ReadConfig.java:49)
at com.inetBanking.utilities.ReadConfig.getEdgepath(ReadConfig.java:49)
at com.inetBanking.utilities.ReadConfig.getEdgepath(ReadConfig.java:49)
at com.inetBanking.utilities.ReadConfig.getEdgepath(ReadConfig.java:49)
at com.inetBanking.utilities.ReadConfig.getEdgepath(ReadConfig.java:49)
at com.inetBanking.utilities.ReadConfig.getEdgepath(ReadConfig.java:49)
at com.inetBanking.utilities.ReadConfig.getEdgepath(ReadConfig.java:49)
at com.inetBanking.utilities.ReadConfig.getEdgepath(ReadConfig.java:49)
at com.inetBanking.utilities.ReadConfig.getEdgepath(ReadConfig.java:49)
at com.inetBanking.utilities.ReadConfig.getEdgepath(ReadConfig.java:49)
at com.inetBanking.utilities.ReadConfig.getEdgepath(ReadConfig.java:49)
at com.inetBanking.utilities.ReadConfig.getEdgepath(ReadConfig.java:49)
at com.inetBanking.utilities.ReadConfig.getEdgepath(ReadConfig.java:49)
at com.inetBanking.utilities.ReadConfig.getEdgepath(ReadConfig.java:49)
at com.inetBanking.utilities.ReadConfig.getEdgepath(ReadConfig.java:49)
at com.inetBanking.utilities.ReadConfig.getEdgepath(ReadConfig.java:49)
at com.inetBanking.utilities.ReadConfig.getEdgepath(ReadConfig.java:49)
at com.inetBanking.utilities.ReadConfig.getEdgepath(ReadConfig.java:49)
at com.inetBanking.utilities.ReadConfig.getEdgepath(ReadConfig.java:49)
at com.inetBanking.utilities.ReadConfig.getEdgepath(ReadConfig.java:49)
at com.inetBanking.utilities.ReadConfig.getEdgepath(ReadConfig.java:49)
at com.inetBanking.utilities.ReadConfig.getEdgepath(ReadConfig.java:49)
at com.inetBanking.utilities.ReadConfig.getEdgepath(ReadConfig.java:49)
at com.inetBanking.utilities.ReadConfig.getEdgepath(ReadConfig.java:49)
at com.inetBanking.utilities.ReadConfig.getEdgepath(ReadConfig.java:49)
at com.inetBanking.utilities.ReadConfig.getEdgepath(ReadConfig.java:49)
at com.inetBanking.utilities.ReadConfig.getEdgepath(ReadConfig.java:49)
at com.inetBanking.utilities.ReadConfig.getEdgepath(ReadConfig.java:49)
at com.inetBanking.utilities.ReadConfig.getEdgepath(ReadConfig.java:49)
at com.inetBanking.utilities.ReadConfig.getEdgepath(ReadConfig.java:49)
at com.inetBanking.utilities.ReadConfig.getEdgepath(ReadConfig.java:49)
at com.inetBanking.utilities.ReadConfig.getEdgepath(ReadConfig.java:49)
at com.inetBanking.utilities.ReadConfig.getEdgepath(ReadConfig.java:49)
at com.inetBanking.utilities.ReadConfig.getEdgepath(ReadConfig.java:49)
at com.inetBanking.utilities.ReadConfig.getEdgepath(ReadConfig.java:49)
at com.inetBanking.utilities.ReadConfig.getEdgepath(ReadConfig.java:49)
at com.inetBanking.utilities.ReadConfig.getEdgepath(ReadConfig.java:49)
at com.inetBanking.utilities.ReadConfig.getEdgepath(ReadConfig.java:49)
at com.inetBanking.utilities.ReadConfig.getEdgepath(ReadConfig.java:49)
at com.inetBanking.utilities.ReadConfig.getEdgepath(ReadConfig.java:49)
at com.inetBanking.utilities.ReadConfig.getEdgepath(ReadConfig.java:49)
at com.inetBanking.utilities.ReadConfig.getEdgepath(ReadConfig.java:49)
at com.inetBanking.utilities.ReadConfig.getEdgepath(ReadConfig.java:49)
at com.inetBanking.utilities.ReadConfig.getEdgepath(ReadConfig.java:49)
at com.inetBanking.utilities.ReadConfig.getEdgepath(ReadConfig.java:49)
at com.inetBanking.utilities.ReadConfig.getEdgepath(ReadConfig.java:49)
at com.inetBanking.utilities.ReadConfig.getEdgepath(ReadConfig.java:49)
at com.inetBanking.utilities.ReadConfig.getEdgepath(ReadConfig.java:49)
at com.inetBanking.utilities.ReadConfig.getEdgepath(ReadConfig.java:49)
at com.inetBanking.utilities.ReadConfig.getEdgepath(ReadConfig.java:49)
at com.inetBanking.utilities.ReadConfig.getEdgepath(ReadConfig.java:49)
at com.inetBanking.utilities.ReadConfig.getEdgepath(ReadConfig.java:49)
at com.inetBanking.utilities.ReadConfig.getEdgepath(ReadConfig.java:49)
at com.inetBanking.utilities.ReadConfig.getEdgepath(ReadConfig.java:49)
at com.inetBanking.utilities.ReadConfig.getEdgepath(ReadConfig.java:49)
at com.inetBanking.utilities.ReadConfig.getEdgepath(ReadConfig.java:49)
at com.inetBanking.utilities.ReadConfig.getEdgepath(ReadConfig.java:49)
at com.inetBanking.utilities.ReadConfig.getEdgepath(ReadConfig.java:49)
at com.inetBanking.utilities.ReadConfig.getEdgepath(ReadConfig.java:49)
at com.inetBanking.utilities.ReadConfig.getEdgepath(ReadConfig.java:49)
at com.inetBanking.utilities.ReadConfig.getEdgepath(ReadConfig.java:49)
at com.inetBanking.utilities.ReadConfig.getEdgepath(ReadConfig.java:49)
at com.inetBanking.utilities.ReadConfig.getEdgepath(ReadConfig.java:49)
at com.inetBanking.utilities.ReadConfig.getEdgepath(ReadConfig.java:49)
at com.inetBanking.utilities.ReadConfig.getEdgepath(ReadConfig.java:49)
at com.inetBanking.utilities.ReadConfig.getEdgepath(ReadConfig.java:49)
at com.inetBanking.utilities.ReadConfig.getEdgepath(ReadConfig.java:49)
at com.inetBanking.utilities.ReadConfig.getEdgepath(ReadConfig.java:49)
at com.inetBanking.utilities.ReadConfig.getEdgepath(ReadConfig.java:49)
at com.inetBanking.utilities.ReadConfig.getEdgepath(ReadConfig.java:49)
at com.inetBanking.utilities.ReadConfig.getEdgepath(ReadConfig.java:49)
at com.inetBanking.utilities.ReadConfig.getEdgepath(ReadConfig.java:49)
at com.inetBanking.utilities.ReadConfig.getEdgepath(ReadConfig.java:49)
at com.inetBanking.utilities.ReadConfig.getEdgepath(ReadConfig.java:49)
at com.inetBanking.utilities.ReadConfig.getEdgepath(ReadConfig.java:49)
at com.inetBanking.utilities.ReadConfig.getEdgepath(ReadConfig.java:49)
at com.inetBanking.utilities.ReadConfig.getEdgepath(ReadConfig.java:49)
at com.inetBanking.utilities.ReadConfig.getEdgepath(ReadConfig.java:49)
at com.inetBanking.utilities.ReadConfig.getEdgepath(ReadConfig.java:49)
at com.inetBanking.utilities.ReadConfig.getEdgepath(ReadConfig.java:49)
at com.inetBanking.utilities.ReadConfig.getEdgepath(ReadConfig.java:49)
at com.inetBanking.utilities.ReadConfig.getEdgepath(ReadConfig.java:49)
at com.inetBanking.utilities.ReadConfig.getEdgepath(ReadConfig.java:49)
at com.inetBanking.utilities.ReadConfig.getEdgepath(ReadConfig.java:49)
at com.inetBanking.utilities.ReadConfig.getEdgepath(ReadConfig.java:49)
at com.inetBanking.utilities.ReadConfig.getEdgepath(ReadConfig.java:49)
at com.inetBanking.utilities.ReadConfig.getEdgepath(ReadConfig.java:49)
at com.inetBanking.utilities.ReadConfig.getEdgepath(ReadConfig.java:49)
at com.inetBanking.utilities.ReadConfig.getEdgepath(ReadConfig.java:49)
at com.inetBanking.utilities.ReadConfig.getEdgepath(ReadConfig.java:49)
at com.inetBanking.utilities.ReadConfig.getEdgepath(ReadConfig.java:49)
at com.inetBanking.utilities.ReadConfig.getEdgepath(ReadConfig.java:49)
at com.inetBanking.utilities.ReadConfig.getEdgepath(ReadConfig.java:49)
at com.inetBanking.utilities.ReadConfig.getEdgepath(ReadConfig.java:49)
at com.inetBanking.utilities.ReadConfig.getEdgepath(ReadConfig.java:49)
at com.inetBanking.utilities.ReadConfig.getEdgepath(ReadConfig.java:49)
at com.inetBanking.utilities.ReadConfig.getEdgepath(ReadConfig.java:49)
at com.inetBanking.utilities.ReadConfig.getEdgepath(ReadConfig.java:49)
at com.inetBanking.utilities.ReadConfig.getEdgepath(ReadConfig.java:49)
at com.inetBanking.utilities.ReadConfig.getEdgepath(ReadConfig.java:49)
at com.inetBanking.utilities.ReadConfig.getEdgepath(ReadConfig.java:49)
at com.inetBanking.utilities.ReadConfig.getEdgepath(ReadConfig.java:49)
at com.inetBanking.utilities.ReadConfig.getEdgepath(ReadConfig.java:49)
at com.inetBanking.utilities.ReadConfig.getEdgepath(ReadConfig.java:49)
at com.inetBanking.utilities.ReadConfig.getEdgepath(ReadConfig.java:49)
at com.inetBanking.utilities.ReadConfig.getEdgepath(ReadConfig.java:49)
at com.inetBanking.utilities.ReadConfig.getEdgepath(ReadConfig.java:49)
at com.inetBanking.utilities.ReadConfig.getEdgepath(ReadConfig.java:49)
at com.inetBanking.utilities.ReadConfig.getEdgepath(ReadConfig.java:49)
at com.inetBanking.utilities.ReadConfig.getEdgepath(ReadConfig.java:49)
at com.inetBanking.utilities.ReadConfig.getEdgepath(ReadConfig.java:49)
at com.inetBanking.utilities.ReadConfig.getEdgepath(ReadConfig.java:49)
at com.inetBanking.utilities.ReadConfig.getEdgepath(ReadConfig.java:49)
at com.inetBanking.utilities.ReadConfig.getEdgepath(ReadConfig.java:49)
at com.inetBanking.utilities.ReadConfig.getEdgepath(ReadConfig.java:49)
at com.inetBanking.utilities.ReadConfig.getEdgepath(ReadConfig.java:49)
at com.inetBanking.utilities.ReadConfig.getEdgepath(ReadConfig.java:49)
at com.inetBanking.utilities.ReadConfig.getEdgepath(ReadConfig.java:49)
at com.inetBanking.utilities.ReadConfig.getEdgepath(ReadConfig.java:49)
at com.inetBanking.utilities.ReadConfig.getEdgepath(ReadConfig.java:49)
at com.inetBanking.utilities.ReadConfig.getEdgepath(ReadConfig.java:49)
at com.inetBanking.utilities.ReadConfig.getEdgepath(ReadConfig.java:49)
at com.inetBanking.utilities.ReadConfig.getEdgepath(ReadConfig.java:49)
at com.inetBanking.utilities.ReadConfig.getEdgepath(ReadConfig.java:49)
at com.inetBanking.utilities.ReadConfig.getEdgepath(ReadConfig.java:49)
at com.inetBanking.utilities.ReadConfig.getEdgepath(ReadConfig.java:49)
at com.inetBanking.utilities.ReadConfig.getEdgepath(ReadConfig.java:49)
at com.inetBanking.utilities.ReadConfig.getEdgepath(ReadConfig.java:49)
at com.inetBanking.utilities.ReadConfig.getEdgepath(ReadConfig.java:49)
at com.inetBanking.utilities.ReadConfig.getEdgepath(ReadConfig.java:49)
at com.inetBanking.utilities.ReadConfig.getEdgepath(ReadConfig.java:49)
at com.inetBanking.utilities.ReadConfig.getEdgepath(ReadConfig.java:49)
at com.inetBanking.utilities.ReadConfig.getEdgepath(ReadConfig.java:49)
at com.inetBanking.utilities.ReadConfig.getEdgepath(ReadConfig.java:49)
at com.inetBanking.utilities.ReadConfig.getEdgepath(ReadConfig.java:49)
at com.inetBanking.utilities.ReadConfig.getEdgepath(ReadConfig.java:49)
at com.inetBanking.utilities.ReadConfig.getEdgepath(ReadConfig.java:49)
at com.inetBanking.utilities.ReadConfig.getEdgepath(ReadConfig.java:49)
at com.inetBanking.utilities.ReadConfig.getEdgepath(ReadConfig.java:49)
at com.inetBanking.utilities.ReadConfig.getEdgepath(ReadConfig.java:49)
at com.inetBanking.utilities.ReadConfig.getEdgepath(ReadConfig.java:49)
at com.inetBanking.utilities.ReadConfig.getEdgepath(ReadConfig.java:49)
at com.inetBanking.utilities.ReadConfig.getEdgepath(ReadConfig.java:49)
at com.inetBanking.utilities.ReadConfig.getEdgepath(ReadConfig.java:49)
at com.inetBanking.utilities.ReadConfig.getEdgepath(ReadConfig.java:49)
at com.inetBanking.utilities.ReadConfig.getEdgepath(ReadConfig.java:49)
at com.inetBanking.utilities.ReadConfig.getEdgepath(ReadConfig.java:49)
at com.inetBanking.utilities.ReadConfig.getEdgepath(ReadConfig.java:49)
at com.inetBanking.utilities.ReadConfig.getEdgepath(ReadConfig.java:49)
at com.inetBanking.utilities.ReadConfig.getEdgepath(ReadConfig.java:49)
at com.inetBanking.utilities.ReadConfig.getEdgepath(ReadConfig.java:49)
at com.inetBanking.utilities.ReadConfig.getEdgepath(ReadConfig.java:49)
at com.inetBanking.utilities.ReadConfig.getEdgepath(ReadConfig.java:49)
at com.inetBanking.utilities.ReadConfig.getEdgepath(ReadConfig.java:49)
at com.inetBanking.utilities.ReadConfig.getEdgepath(ReadConfig.java:49)
at com.inetBanking.utilities.ReadConfig.getEdgepath(ReadConfig.java:49)
at com.inetBanking.utilities.ReadConfig.getEdgepath(ReadConfig.java:49)
at com.inetBanking.utilities.ReadConfig.getEdgepath(ReadConfig.java:49)
at com.inetBanking.utilities.ReadConfig.getEdgepath(ReadConfig.java:49)
at com.inetBanking.utilities.ReadConfig.getEdgepath(ReadConfig.java:49)
at com.inetBanking.utilities.ReadConfig.getEdgepath(ReadConfig.java:49)
at com.inetBanking.utilities.ReadConfig.getEdgepath(ReadConfig.java:49)
at com.inetBanking.utilities.ReadConfig.getEdgepath(ReadConfig.java:49)
at com.inetBanking.utilities.ReadConfig.getEdgepath(ReadConfig.java:49)
at com.inetBanking.utilities.ReadConfig.getEdgepath(ReadConfig.java:49)
at com.inetBanking.utilities.ReadConfig.getEdgepath(ReadConfig.java:49)
at com.inetBanking.utilities.ReadConfig.getEdgepath(ReadConfig.java:49)
at com.inetBanking.utilities.ReadConfig.getEdgepath(ReadConfig.java:49)
at com.inetBanking.utilities.ReadConfig.getEdgepath(ReadConfig.java:49)
at com.inetBanking.utilities.ReadConfig.getEdgepath(ReadConfig.java:49)
at com.inetBanking.utilities.ReadConfig.getEdgepath(ReadConfig.java:49)
at com.inetBanking.utilities.ReadConfig.getEdgepath(ReadConfig.java:49)
at com.inetBanking.utilities.ReadConfig.getEdgepath(ReadConfig.java:49)
at com.inetBanking.utilities.ReadConfig.getEdgepath(ReadConfig.java:49)
at com.inetBanking.utilities.ReadConfig.getEdgepath(ReadConfig.java:49)
at com.inetBanking.utilities.ReadConfig.getEdgepath(ReadConfig.java:49)
at com.inetBanking.utilities.ReadConfig.getEdgepath(ReadConfig.java:49)
at com.inetBanking.utilities.ReadConfig.getEdgepath(ReadConfig.java:49)
at com.inetBanking.utilities.ReadConfig.getEdgepath(ReadConfig.java:49)
at com.inetBanking.utilities.ReadConfig.getEdgepath(ReadConfig.java:49)
at com.inetBanking.utilities.ReadConfig.getEdgepath(ReadConfig.java:49)
at com.inetBanking.utilities.ReadConfig.getEdgepath(ReadConfig.java:49)
at com.inetBanking.utilities.ReadConfig.getEdgepath(ReadConfig.java:49)
at com.inetBanking.utilities.ReadConfig.getEdgepath(ReadConfig.java:49)
at com.inetBanking.utilities.ReadConfig.getEdgepath(ReadConfig.java:49)
at com.inetBanking.utilities.ReadConfig.getEdgepath(ReadConfig.java:49)
at com.inetBanking.utilities.ReadConfig.getEdgepath(ReadConfig.java:49)
at com.inetBanking.utilities.ReadConfig.getEdgepath(ReadConfig.java:49)
at com.inetBanking.utilities.ReadConfig.getEdgepath(ReadConfig.java:49)
at com.inetBanking.utilities.ReadConfig.getEdgepath(ReadConfig.java:49)
at com.inetBanking.utilities.ReadConfig.getEdgepath(ReadConfig.java:49)
at com.inetBanking.utilities.ReadConfig.getEdgepath(ReadConfig.java:49)
at com.inetBanking.utilities.ReadConfig.getEdgepath(ReadConfig.java:49)
at com.inetBanking.utilities.ReadConfig.getEdgepath(ReadConfig.java:49)
at com.inetBanking.utilities.ReadConfig.getEdgepath(ReadConfig.java:49)
at com.inetBanking.utilities.ReadConfig.getEdgepath(ReadConfig.java:49)
at com.inetBanking.utilities.ReadConfig.getEdgepath(ReadConfig.java:49)
at com.inetBanking.utilities.ReadConfig.getEdgepath(ReadConfig.java:49)
at com.inetBanking.utilities.ReadConfig.getEdgepath(ReadConfig.java:49)
at com.inetBanking.utilities.ReadConfig.getEdgepath(ReadConfig.java:49)
at com.inetBanking.utilities.ReadConfig.getEdgepath(ReadConfig.java:49)
at com.inetBanking.utilities.ReadConfig.getEdgepath(ReadConfig.java:49)
at com.inetBanking.utilities.ReadConfig.getEdgepath(ReadConfig.java:49)
at com.inetBanking.utilities.ReadConfig.getEdgepath(ReadConfig.java:49)
at com.inetBanking.utilities.ReadConfig.getEdgepath(ReadConfig.java:49)
at com.inetBanking.utilities.ReadConfig.getEdgepath(ReadConfig.java:49)
at com.inetBanking.utilities.ReadConfig.getEdgepath(ReadConfig.java:49)
at com.inetBanking.utilities.ReadConfig.getEdgepath(ReadConfig.java:49)
at com.inetBanking.utilities.ReadConfig.getEdgepath(ReadConfig.java:49)
at com.inetBanking.utilities.ReadConfig.getEdgepath(ReadConfig.java:49)
at com.inetBanking.utilities.ReadConfig.getEdgepath(ReadConfig.java:49)
at com.inetBanking.utilities.ReadConfig.getEdgepath(ReadConfig.java:49)
at com.inetBanking.utilities.ReadConfig.getEdgepath(ReadConfig.java:49)
at com.inetBanking.utilities.ReadConfig.getEdgepath(ReadConfig.java:49)
at com.inetBanking.utilities.ReadConfig.getEdgepath(ReadConfig.java:49)
at com.inetBanking.utilities.ReadConfig.getEdgepath(ReadConfig.java:49)
at com.inetBanking.utilities.ReadConfig.getEdgepath(ReadConfig.java:49)
at com.inetBanking.utilities.ReadConfig.getEdgepath(ReadConfig.java:49)
at com.inetBanking.utilities.ReadConfig.getEdgepath(ReadConfig.java:49)
at com.inetBanking.utilities.ReadConfig.getEdgepath(ReadConfig.java:49)
at com.inetBanking.utilities.ReadConfig.getEdgepath(ReadConfig.java:49)
at com.inetBanking.utilities.ReadConfig.getEdgepath(ReadConfig.java:49)
at com.inetBanking.utilities.ReadConfig.getEdgepath(ReadConfig.java:49)
at com.inetBanking.utilities.ReadConfig.getEdgepath(ReadConfig.java:49)
at com.inetBanking.utilities.ReadConfig.getEdgepath(ReadConfig.java:49)
at com.inetBanking.utilities.ReadConfig.getEdgepath(ReadConfig.java:49)
at com.inetBanking.utilities.ReadConfig.getEdgepath(ReadConfig.java:49)
at com.inetBanking.utilities.ReadConfig.getEdgepath(ReadConfig.java:49)
at com.inetBanking.utilities.ReadConfig.getEdgepath(ReadConfig.java:49)
at com.inetBanking.utilities.ReadConfig.getEdgepath(ReadConfig.java:49)
at com.inetBanking.utilities.ReadConfig.getEdgepath(ReadConfig.java:49)
at com.inetBanking.utilities.ReadConfig.getEdgepath(ReadConfig.java:49)
at com.inetBanking.utilities.ReadConfig.getEdgepath(ReadConfig.java:49)
at com.inetBanking.utilities.ReadConfig.getEdgepath(ReadConfig.java:49)
at com.inetBanking.utilities.ReadConfig.getEdgepath(ReadConfig.java:49)
at com.inetBanking.utilities.ReadConfig.getEdgepath(ReadConfig.java:49)
at com.inetBanking.utilities.ReadConfig.getEdgepath(ReadConfig.java:49)
at com.inetBanking.utilities.ReadConfig.getEdgepath(ReadConfig.java:49)
at com.inetBanking.utilities.ReadConfig.getEdgepath(ReadConfig.java:49)
at com.inetBanking.utilities.ReadConfig.getEdgepath(ReadConfig.java:49)
at com.inetBanking.utilities.ReadConfig.getEdgepath(ReadConfig.java:49)
at com.inetBanking.utilities.ReadConfig.getEdgepath(ReadConfig.java:49)
at com.inetBanking.utilities.ReadConfig.getEdgepath(ReadConfig.java:49)
at com.inetBanking.utilities.ReadConfig.getEdgepath(ReadConfig.java:49)
at com.inetBanking.utilities.ReadConfig.getEdgepath(ReadConfig.java:49)
at com.inetBanking.utilities.ReadConfig.getEdgepath(ReadConfig.java:49)
at com.inetBanking.utilities.ReadConfig.getEdgepath(ReadConfig.java:49)
at com.inetBanking.utilities.ReadConfig.getEdgepath(ReadConfig.java:49)
at com.inetBanking.utilities.ReadConfig.getEdgepath(ReadConfig.java:49)
at com.inetBanking.utilities.ReadConfig.getEdgepath(ReadConfig.java:49)
at com.inetBanking.utilities.ReadConfig.getEdgepath(ReadConfig.java:49)
at com.inetBanking.utilities.ReadConfig.getEdgepath(ReadConfig.java:49)
at com.inetBanking.utilities.ReadConfig.getEdgepath(ReadConfig.java:49)
at com.inetBanking.utilities.ReadConfig.getEdgepath(ReadConfig.java:49)
at com.inetBanking.utilities.ReadConfig.getEdgepath(ReadConfig.java:49)
at com.inetBanking.utilities.ReadConfig.getEdgepath(ReadConfig.java:49)
at com.inetBanking.utilities.ReadConfig.getEdgepath(ReadConfig.java:49)
at com.inetBanking.utilities.ReadConfig.getEdgepath(ReadConfig.java:49)
at com.inetBanking.utilities.ReadConfig.getEdgepath(ReadConfig.java:49)
at com.inetBanking.utilities.ReadConfig.getEdgepath(ReadConfig.java:49)
at com.inetBanking.utilities.ReadConfig.getEdgepath(ReadConfig.java:49)
at com.inetBanking.utilities.ReadConfig.getEdgepath(ReadConfig.java:49)
at com.inetBanking.utilities.ReadConfig.getEdgepath(ReadConfig.java:49)
at com.inetBanking.utilities.ReadConfig.getEdgepath(ReadConfig.java:49)
at com.inetBanking.utilities.ReadConfig.getEdgepath(ReadConfig.java:49)
at com.inetBanking.utilities.ReadConfig.getEdgepath(ReadConfig.java:49)
at com.inetBanking.utilities.ReadConfig.getEdgepath(ReadConfig.java:49)
at com.inetBanking.utilities.ReadConfig.getEdgepath(ReadConfig.java:49)
at com.inetBanking.utilities.ReadConfig.getEdgepath(ReadConfig.java:49)
at com.inetBanking.utilities.ReadConfig.getEdgepath(ReadConfig.java:49)
at com.inetBanking.utilities.ReadConfig.getEdgepath(ReadConfig.java:49)
at com.inetBanking.utilities.ReadConfig.getEdgepath(ReadConfig.java:49)
at com.inetBanking.utilities.ReadConfig.getEdgepath(ReadConfig.java:49)
at com.inetBanking.utilities.ReadConfig.getEdgepath(ReadConfig.java:49)
at com.inetBanking.utilities.ReadConfig.getEdgepath(ReadConfig.java:49)
at com.inetBanking.utilities.ReadConfig.getEdgepath(ReadConfig.java:49)
at com.inetBanking.utilities.ReadConfig.getEdgepath(ReadConfig.java:49)
at com.inetBanking.utilities.ReadConfig.getEdgepath(ReadConfig.java:49)
at com.inetBanking.utilities.ReadConfig.getEdgepath(ReadConfig.java:49)
at com.inetBanking.utilities.ReadConfig.getEdgepath(ReadConfig.java:49)
at com.inetBanking.utilities.ReadConfig.getEdgepath(ReadConfig.java:49)
at com.inetBanking.utilities.ReadConfig.getEdgepath(ReadConfig.java:49)
at com.inetBanking.utilities.ReadConfig.getEdgepath(ReadConfig.java:49)
at com.inetBanking.utilities.ReadConfig.getEdgepath(ReadConfig.java:49)
at com.inetBanking.utilities.ReadConfig.getEdgepath(ReadConfig.java:49)
at com.inetBanking.utilities.ReadConfig.getEdgepath(ReadConfig.java:49)
at com.inetBanking.utilities.ReadConfig.getEdgepath(ReadConfig.java:49)
at com.inetBanking.utilities.ReadConfig.getEdgepath(ReadConfig.java:49)
at com.inetBanking.utilities.ReadConfig.getEdgepath(ReadConfig.java:49)
at com.inetBanking.utilities.ReadConfig.getEdgepath(ReadConfig.java:49)
at com.inetBanking.utilities.ReadConfig.getEdgepath(ReadConfig.java:49)
at com.inetBanking.utilities.ReadConfig.getEdgepath(ReadConfig.java:49)
at com.inetBanking.utilities.ReadConfig.getEdgepath(ReadConfig.java:49)
at com.inetBanking.utilities.ReadConfig.getEdgepath(ReadConfig.java:49)
at com.inetBanking.utilities.ReadConfig.getEdgepath(ReadConfig.java:49)
at com.inetBanking.utilities.ReadConfig.getEdgepath(ReadConfig.java:49)
at com.inetBanking.utilities.ReadConfig.getEdgepath(ReadConfig.java:49)
at com.inetBanking.utilities.ReadConfig.getEdgepath(ReadConfig.java:49)
at com.inetBanking.utilities.ReadConfig.getEdgepath(ReadConfig.java:49)
at com.inetBanking.utilities.ReadConfig.getEdgepath(ReadConfig.java:49)
at com.inetBanking.utilities.ReadConfig.getEdgepath(ReadConfig.java:49)
at com.inetBanking.utilities.ReadConfig.getEdgepath(ReadConfig.java:49)
at com.inetBanking.utilities.ReadConfig.getEdgepath(ReadConfig.java:49)
at com.inetBanking.utilities.ReadConfig.getEdgepath(ReadConfig.java:49)
at com.inetBanking.utilities.ReadConfig.getEdgepath(ReadConfig.java:49)
at com.inetBanking.utilities.ReadConfig.getEdgepath(ReadConfig.java:49)
at com.inetBanking.utilities.ReadConfig.getEdgepath(ReadConfig.java:49)
at com.inetBanking.utilities.ReadConfig.getEdgepath(ReadConfig.java:49)
at com.inetBanking.utilities.ReadConfig.getEdgepath(ReadConfig.java:49)
at com.inetBanking.utilities.ReadConfig.getEdgepath(ReadConfig.java:49)
at com.inetBanking.utilities.ReadConfig.getEdgepath(ReadConfig.java:49)
at com.inetBanking.utilities.ReadConfig.getEdgepath(ReadConfig.java:49)
at com.inetBanking.utilities.ReadConfig.getEdgepath(ReadConfig.java:49)
at com.inetBanking.utilities.ReadConfig.getEdgepath(ReadConfig.java:49)
at com.inetBanking.utilities.ReadConfig.getEdgepath(ReadConfig.java:49)
at com.inetBanking.utilities.ReadConfig.getEdgepath(ReadConfig.java:49)
at com.inetBanking.utilities.ReadConfig.getEdgepath(ReadConfig.java:49)
at com.inetBanking.utilities.ReadConfig.getEdgepath(ReadConfig.java:49)
at com.inetBanking.utilities.ReadConfig.getEdgepath(ReadConfig.java:49)
at com.inetBanking.utilities.ReadConfig.getEdgepath(ReadConfig.java:49)
at com.inetBanking.utilities.ReadConfig.getEdgepath(ReadConfig.java:49)
at com.inetBanking.utilities.ReadConfig.getEdgepath(ReadConfig.java:49)
at com.inetBanking.utilities.ReadConfig.getEdgepath(ReadConfig.java:49)
at com.inetBanking.utilities.ReadConfig.getEdgepath(ReadConfig.java:49)
at com.inetBanking.utilities.ReadConfig.getEdgepath(ReadConfig.java:49)
at com.inetBanking.utilities.ReadConfig.getEdgepath(ReadConfig.java:49)
at com.inetBanking.utilities.ReadConfig.getEdgepath(ReadConfig.java:49)
at com.inetBanking.utilities.ReadConfig.getEdgepath(ReadConfig.java:49)
at com.inetBanking.utilities.ReadConfig.getEdgepath(ReadConfig.java:49)
at com.inetBanking.utilities.ReadConfig.getEdgepath(ReadConfig.java:49)
at com.inetBanking.utilities.ReadConfig.getEdgepath(ReadConfig.java:49)
at com.inetBanking.utilities.ReadConfig.getEdgepath(ReadConfig.java:49)
at com.inetBanking.utilities.ReadConfig.getEdgepath(ReadConfig.java:49)
at com.inetBanking.utilities.ReadConfig.getEdgepath(ReadConfig.java:49)
at com.inetBanking.utilities.ReadConfig.getEdgepath(ReadConfig.java:49)
at com.inetBanking.utilities.ReadConfig.getEdgepath(ReadConfig.java:49)
at com.inetBanking.utilities.ReadConfig.getEdgepath(ReadConfig.java:49)
at com.inetBanking.utilities.ReadConfig.getEdgepath(ReadConfig.java:49)
at com.inetBanking.utilities.ReadConfig.getEdgepath(ReadConfig.java:49)
at com.inetBanking.utilities.ReadConfig.getEdgepath(ReadConfig.java:49)
at com.inetBanking.utilities.ReadConfig.getEdgepath(ReadConfig.java:49)
at com.inetBanking.utilities.ReadConfig.getEdgepath(ReadConfig.java:49)
at com.inetBanking.utilities.ReadConfig.getEdgepath(ReadConfig.java:49)
at com.inetBanking.utilities.ReadConfig.getEdgepath(ReadConfig.java:49)
at com.inetBanking.utilities.ReadConfig.getEdgepath(ReadConfig.java:49)
at com.inetBanking.utilities.ReadConfig.getEdgepath(ReadConfig.java:49)
at com.inetBanking.utilities.ReadConfig.getEdgepath(ReadConfig.java:49)
at com.inetBanking.utilities.ReadConfig.getEdgepath(ReadConfig.java:49)
at com.inetBanking.utilities.ReadConfig.getEdgepath(ReadConfig.java:49)
at com.inetBanking.utilities.ReadConfig.getEdgepath(ReadConfig.java:49)
at com.inetBanking.utilities.ReadConfig.getEdgepath(ReadConfig.java:49)
at com.inetBanking.utilities.ReadConfig.getEdgepath(ReadConfig.java:49)
at com.inetBanking.utilities.ReadConfig.getEdgepath(ReadConfig.java:49)
at com.inetBanking.utilities.ReadConfig.getEdgepath(ReadConfig.java:49)
at com.inetBanking.utilities.ReadConfig.getEdgepath(ReadConfig.java:49)
at com.inetBanking.utilities.ReadConfig.getEdgepath(ReadConfig.java:49)
at com.inetBanking.utilities.ReadConfig.getEdgepath(ReadConfig.java:49)
at com.inetBanking.utilities.ReadConfig.getEdgepath(ReadConfig.java:49)
at com.inetBanking.utilities.ReadConfig.getEdgepath(ReadConfig.java:49)
at com.inetBanking.utilities.ReadConfig.getEdgepath(ReadConfig.java:49)
at com.inetBanking.utilities.ReadConfig.getEdgepath(ReadConfig.java:49)
at com.inetBanking.utilities.ReadConfig.getEdgepath(ReadConfig.java:49)
at com.inetBanking.utilities.ReadConfig.getEdgepath(ReadConfig.java:49)
at com.inetBanking.utilities.ReadConfig.getEdgepath(ReadConfig.java:49)
at com.inetBanking.utilities.ReadConfig.getEdgepath(ReadConfig.java:49)
at com.inetBanking.utilities.ReadConfig.getEdgepath(ReadConfig.java:49)
at com.inetBanking.utilities.ReadConfig.getEdgepath(ReadConfig.java:49)
at com.inetBanking.utilities.ReadConfig.getEdgepath(ReadConfig.java:49)
at com.inetBanking.utilities.ReadConfig.getEdgepath(ReadConfig.java:49)
at com.inetBanking.utilities.ReadConfig.getEdgepath(ReadConfig.java:49)
at com.inetBanking.utilities.ReadConfig.getEdgepath(ReadConfig.java:49)
at com.inetBanking.utilities.ReadConfig.getEdgepath(ReadConfig.java:49)
at com.inetBanking.utilities.ReadConfig.getEdgepath(ReadConfig.java:49)
at com.inetBanking.utilities.ReadConfig.getEdgepath(ReadConfig.java:49)
at com.inetBanking.utilities.ReadConfig.getEdgepath(ReadConfig.java:49)
at com.inetBanking.utilities.ReadConfig.getEdgepath(ReadConfig.java:49)
at com.inetBanking.utilities.ReadConfig.getEdgepath(ReadConfig.java:49)
at com.inetBanking.utilities.ReadConfig.getEdgepath(ReadConfig.java:49)
at com.inetBanking.utilities.ReadConfig.getEdgepath(ReadConfig.java:49)
at com.inetBanking.utilities.ReadConfig.getEdgepath(ReadConfig.java:49)
at com.inetBanking.utilities.ReadConfig.getEdgepath(ReadConfig.java:49)
at com.inetBanking.utilities.ReadConfig.getEdgepath(ReadConfig.java:49)
at com.inetBanking.utilities.ReadConfig.getEdgepath(ReadConfig.java:49)
at com.inetBanking.utilities.ReadConfig.getEdgepath(ReadConfig.java:49)
at com.inetBanking.utilities.ReadConfig.getEdgepath(ReadConfig.java:49)
at com.inetBanking.utilities.ReadConfig.getEdgepath(ReadConfig.java:49)
at com.inetBanking.utilities.ReadConfig.getEdgepath(ReadConfig.java:49)
at com.inetBanking.utilities.ReadConfig.getEdgepath(ReadConfig.java:49)
at com.inetBanking.utilities.ReadConfig.getEdgepath(ReadConfig.java:49)
at com.inetBanking.utilities.ReadConfig.getEdgepath(ReadConfig.java:49)
at com.inetBanking.utilities.ReadConfig.getEdgepath(ReadConfig.java:49)
at com.inetBanking.utilities.ReadConfig.getEdgepath(ReadConfig.java:49)
at com.inetBanking.utilities.ReadConfig.getEdgepath(ReadConfig.java:49)
at com.inetBanking.utilities.ReadConfig.getEdgepath(ReadConfig.java:49)
at com.inetBanking.utilities.ReadConfig.getEdgepath(ReadConfig.java:49)
at com.inetBanking.utilities.ReadConfig.getEdgepath(ReadConfig.java:49)
at com.inetBanking.utilities.ReadConfig.getEdgepath(ReadConfig.java:49)
at com.inetBanking.utilities.ReadConfig.getEdgepath(ReadConfig.java:49)
at com.inetBanking.utilities.ReadConfig.getEdgepath(ReadConfig.java:49)
at com.inetBanking.utilities.ReadConfig.getEdgepath(ReadConfig.java:49)
at com.inetBanking.utilities.ReadConfig.getEdgepath(ReadConfig.java:49)
at com.inetBanking.utilities.ReadConfig.getEdgepath(ReadConfig.java:49)
at com.inetBanking.utilities.ReadConfig.getEdgepath(ReadConfig.java:49)
at com.inetBanking.utilities.ReadConfig.getEdgepath(ReadConfig.java:49)
at com.inetBanking.utilities.ReadConfig.getEdgepath(ReadConfig.java:49)
at com.inetBanking.utilities.ReadConfig.getEdgepath(ReadConfig.java:49)
at com.inetBanking.utilities.ReadConfig.getEdgepath(ReadConfig.java:49)
at com.inetBanking.utilities.ReadConfig.getEdgepath(ReadConfig.java:49)
at com.inetBanking.utilities.ReadConfig.getEdgepath(ReadConfig.java:49)
at com.inetBanking.utilities.ReadConfig.getEdgepath(ReadConfig.java:49)
at com.inetBanking.utilities.ReadConfig.getEdgepath(ReadConfig.java:49)
at com.inetBanking.utilities.ReadConfig.getEdgepath(ReadConfig.java:49)
at com.inetBanking.utilities.ReadConfig.getEdgepath(ReadConfig.java:49)
at com.inetBanking.utilities.ReadConfig.getEdgepath(ReadConfig.java:49)
at com.inetBanking.utilities.ReadConfig.getEdgepath(ReadConfig.java:49)
at com.inetBanking.utilities.ReadConfig.getEdgepath(ReadConfig.java:49)
at com.inetBanking.utilities.ReadConfig.getEdgepath(ReadConfig.java:49)
at com.inetBanking.utilities.ReadConfig.getEdgepath(ReadConfig.java:49)
at com.inetBanking.utilities.ReadConfig.getEdgepath(ReadConfig.java:49)
at com.inetBanking.utilities.ReadConfig.getEdgepath(ReadConfig.java:49)
at com.inetBanking.utilities.ReadConfig.getEdgepath(ReadConfig.java:49)
at com.inetBanking.utilities.ReadConfig.getEdgepath(ReadConfig.java:49)
at com.inetBanking.utilities.ReadConfig.getEdgepath(ReadConfig.java:49)
at com.inetBanking.utilities.ReadConfig.getEdgepath(ReadConfig.java:49)
at com.inetBanking.utilities.ReadConfig.getEdgepath(ReadConfig.java:49)
at com.inetBanking.utilities.ReadConfig.getEdgepath(ReadConfig.java:49)
at com.inetBanking.utilities.ReadConfig.getEdgepath(ReadConfig.java:49)
at com.inetBanking.utilities.ReadConfig.getEdgepath(ReadConfig.java:49)
at com.inetBanking.utilities.ReadConfig.getEdgepath(ReadConfig.java:49)
at com.inetBanking.utilities.ReadConfig.getEdgepath(ReadConfig.java:49)
at com.inetBanking.utilities.ReadConfig.getEdgepath(ReadConfig.java:49)
at com.inetBanking.utilities.ReadConfig.getEdgepath(ReadConfig.java:49)
at com.inetBanking.utilities.ReadConfig.getEdgepath(ReadConfig.java:49)
at com.inetBanking.utilities.ReadConfig.getEdgepath(ReadConfig.java:49)
at com.inetBanking.utilities.ReadConfig.getEdgepath(ReadConfig.java:49)
at com.inetBanking.utilities.ReadConfig.getEdgepath(ReadConfig.java:49)
at com.inetBanking.utilities.ReadConfig.getEdgepath(ReadConfig.java:49)
at com.inetBanking.utilities.ReadConfig.getEdgepath(ReadConfig.java:49)
at com.inetBanking.utilities.ReadConfig.getEdgepath(ReadConfig.java:49)
at com.inetBanking.utilities.ReadConfig.getEdgepath(ReadConfig.java:49)
at com.inetBanking.utilities.ReadConfig.getEdgepath(ReadConfig.java:49)
at com.inetBanking.utilities.ReadConfig.getEdgepath(ReadConfig.java:49)
at com.inetBanking.utilities.ReadConfig.getEdgepath(ReadConfig.java:49)
at com.inetBanking.utilities.ReadConfig.getEdgepath(ReadConfig.java:49)
at com.inetBanking.utilities.ReadConfig.getEdgepath(ReadConfig.java:49)
at com.inetBanking.utilities.ReadConfig.getEdgepath(ReadConfig.java:49)
at com.inetBanking.utilities.ReadConfig.getEdgepath(ReadConfig.java:49)
at com.inetBanking.utilities.ReadConfig.getEdgepath(ReadConfig.java:49)
at com.inetBanking.utilities.ReadConfig.getEdgepath(ReadConfig.java:49)
at com.inetBanking.utilities.ReadConfig.getEdgepath(ReadConfig.java:49)
at com.inetBanking.utilities.ReadConfig.getEdgepath(ReadConfig.java:49)
at com.inetBanking.utilities.ReadConfig.getEdgepath(ReadConfig.java:49)
at com.inetBanking.utilities.ReadConfig.getEdgepath(ReadConfig.java:49)
at com.inetBanking.utilities.ReadConfig.getEdgepath(ReadConfig.java:49)
at com.inetBanking.utilities.ReadConfig.getEdgepath(ReadConfig.java:49)
at com.inetBanking.utilities.ReadConfig.getEdgepath(ReadConfig.java:49)
at com.inetBanking.utilities.ReadConfig.getEdgepath(ReadConfig.java:49)
at com.inetBanking.utilities.ReadConfig.getEdgepath(ReadConfig.java:49)
at com.inetBanking.utilities.ReadConfig.getEdgepath(ReadConfig.java:49)
at com.inetBanking.utilities.ReadConfig.getEdgepath(ReadConfig.java:49)
at com.inetBanking.utilities.ReadConfig.getEdgepath(ReadConfig.java:49)
at com.inetBanking.utilities.ReadConfig.getEdgepath(ReadConfig.java:49)
at com.inetBanking.utilities.ReadConfig.getEdgepath(ReadConfig.java:49)
at com.inetBanking.utilities.ReadConfig.getEdgepath(ReadConfig.java:49)
at com.inetBanking.utilities.ReadConfig.getEdgepath(ReadConfig.java:49)
at com.inetBanking.utilities.ReadConfig.getEdgepath(ReadConfig.java:49)
at com.inetBanking.utilities.ReadConfig.getEdgepath(ReadConfig.java:49)
at com.inetBanking.utilities.ReadConfig.getEdgepath(ReadConfig.java:49)
at com.inetBanking.utilities.ReadConfig.getEdgepath(ReadConfig.java:49)
at com.inetBanking.utilities.ReadConfig.getEdgepath(ReadConfig.java:49)
at com.inetBanking.utilities.ReadConfig.getEdgepath(ReadConfig.java:49)
at com.inetBanking.utilities.ReadConfig.getEdgepath(ReadConfig.java:49)
at com.inetBanking.utilities.ReadConfig.getEdgepath(ReadConfig.java:49)
at com.inetBanking.utilities.ReadConfig.getEdgepath(ReadConfig.java:49)
at com.inetBanking.utilities.ReadConfig.getEdgepath(ReadConfig.java:49)
at com.inetBanking.utilities.ReadConfig.getEdgepath(ReadConfig.java:49)
at com.inetBanking.utilities.ReadConfig.getEdgepath(ReadConfig.java:49)
at com.inetBanking.utilities.ReadConfig.getEdgepath(ReadConfig.java:49)
at com.inetBanking.utilities.ReadConfig.getEdgepath(ReadConfig.java:49)
at com.inetBanking.utilities.ReadConfig.getEdgepath(ReadConfig.java:49)
at com.inetBanking.utilities.ReadConfig.getEdgepath(ReadConfig.java:49)
at com.inetBanking.utilities.ReadConfig.getEdgepath(ReadConfig.java:49)
at com.inetBanking.utilities.ReadConfig.getEdgepath(ReadConfig.java:49)
at com.inetBanking.utilities.ReadConfig.getEdgepath(ReadConfig.java:49)
at com.inetBanking.utilities.ReadConfig.getEdgepath(ReadConfig.java:49)
at com.inetBanking.utilities.ReadConfig.getEdgepath(ReadConfig.java:49)
at com.inetBanking.utilities.ReadConfig.getEdgepath(ReadConfig.java:49)
at com.inetBanking.utilities.ReadConfig.getEdgepath(ReadConfig.java:49)
at com.inetBanking.utilities.ReadConfig.getEdgepath(ReadConfig.java:49)
at com.inetBanking.utilities.ReadConfig.getEdgepath(ReadConfig.java:49)
at com.inetBanking.utilities.ReadConfig.getEdgepath(ReadConfig.java:49)
at com.inetBanking.utilities.ReadConfig.getEdgepath(ReadConfig.java:49)
at com.inetBanking.utilities.ReadConfig.getEdgepath(ReadConfig.java:49)
at com.inetBanking.utilities.ReadConfig.getEdgepath(ReadConfig.java:49)
at com.inetBanking.utilities.ReadConfig.getEdgepath(ReadConfig.java:49)
at com.inetBanking.utilities.ReadConfig.getEdgepath(ReadConfig.java:49)
at com.inetBanking.utilities.ReadConfig.getEdgepath(ReadConfig.java:49)
at com.inetBanking.utilities.ReadConfig.getEdgepath(ReadConfig.java:49)
at com.inetBanking.utilities.ReadConfig.getEdgepath(ReadConfig.java:49)
at com.inetBanking.utilities.ReadConfig.getEdgepath(ReadConfig.java:49)
at com.inetBanking.utilities.ReadConfig.getEdgepath(ReadConfig.java:49)
at com.inetBanking.utilities.ReadConfig.getEdgepath(ReadConfig.java:49)
at com.inetBanking.utilities.ReadConfig.getEdgepath(ReadConfig.java:49)
at com.inetBanking.utilities.ReadConfig.getEdgepath(ReadConfig.java:49)
at com.inetBanking.utilities.ReadConfig.getEdgepath(ReadConfig.java:49)
at com.inetBanking.utilities.ReadConfig.getEdgepath(ReadConfig.java:49)
at com.inetBanking.utilities.ReadConfig.getEdgepath(ReadConfig.java:49)
at com.inetBanking.utilities.ReadConfig.getEdgepath(ReadConfig.java:49)
at com.inetBanking.utilities.ReadConfig.getEdgepath(ReadConfig.java:49)
at com.inetBanking.utilities.ReadConfig.getEdgepath(ReadConfig.java:49)
at com.inetBanking.utilities.ReadConfig.getEdgepath(ReadConfig.java:49)
at com.inetBanking.utilities.ReadConfig.getEdgepath(ReadConfig.java:49)
at com.inetBanking.utilities.ReadConfig.getEdgepath(ReadConfig.java:49)
at com.inetBanking.utilities.ReadConfig.getEdgepath(ReadConfig.java:49)
at com.inetBanking.utilities.ReadConfig.getEdgepath(ReadConfig.java:49)
at com.inetBanking.utilities.ReadConfig.getEdgepath(ReadConfig.java:49)
at com.inetBanking.utilities.ReadConfig.getEdgepath(ReadConfig.java:49)
at com.inetBanking.utilities.ReadConfig.getEdgepath(ReadConfig.java:49)
at com.inetBanking.utilities.ReadConfig.getEdgepath(ReadConfig.java:49)
at com.inetBanking.utilities.ReadConfig.getEdgepath(ReadConfig.java:49)
at com.inetBanking.utilities.ReadConfig.getEdgepath(ReadConfig.java:49)
at com.inetBanking.utilities.ReadConfig.getEdgepath(ReadConfig.java:49)
at com.inetBanking.utilities.ReadConfig.getEdgepath(ReadConfig.java:49)
at com.inetBanking.utilities.ReadConfig.getEdgepath(ReadConfig.java:49)
at com.inetBanking.utilities.ReadConfig.getEdgepath(ReadConfig.java:49)
at com.inetBanking.utilities.ReadConfig.getEdgepath(ReadConfig.java:49)
at com.inetBanking.utilities.ReadConfig.getEdgepath(ReadConfig.java:49)
at com.inetBanking.utilities.ReadConfig.getEdgepath(ReadConfig.java:49)
at com.inetBanking.utilities.ReadConfig.getEdgepath(ReadConfig.java:49)
at com.inetBanking.utilities.ReadConfig.getEdgepath(ReadConfig.java:49)
at com.inetBanking.utilities.ReadConfig.getEdgepath(ReadConfig.java:49)
at com.inetBanking.utilities.ReadConfig.getEdgepath(ReadConfig.java:49)
at com.inetBanking.utilities.ReadConfig.getEdgepath(ReadConfig.java:49)
at com.inetBanking.utilities.ReadConfig.getEdgepath(ReadConfig.java:49)
at com.inetBanking.utilities.ReadConfig.getEdgepath(ReadConfig.java:49)
at com.inetBanking.utilities.ReadConfig.getEdgepath(ReadConfig.java:49)
at com.inetBanking.utilities.ReadConfig.getEdgepath(ReadConfig.java:49)
at com.inetBanking.utilities.ReadConfig.getEdgepath(ReadConfig.java:49)
at com.inetBanking.utilities.ReadConfig.getEdgepath(ReadConfig.java:49)
at com.inetBanking.utilities.ReadConfig.getEdgepath(ReadConfig.java:49)
at com.inetBanking.utilities.ReadConfig.getEdgepath(ReadConfig.java:49)
at com.inetBanking.utilities.ReadConfig.getEdgepath(ReadConfig.java:49)
at com.inetBanking.utilities.ReadConfig.getEdgepath(ReadConfig.java:49)
at com.inetBanking.utilities.ReadConfig.getEdgepath(ReadConfig.java:49)
at com.inetBanking.utilities.ReadConfig.getEdgepath(ReadConfig.java:49)
at com.inetBanking.utilities.ReadConfig.getEdgepath(ReadConfig.java:49)
at com.inetBanking.utilities.ReadConfig.getEdgepath(ReadConfig.java:49)
at com.inetBanking.utilities.ReadConfig.getEdgepath(ReadConfig.java:49)
at com.inetBanking.utilities.ReadConfig.getEdgepath(ReadConfig.java:49)
at com.inetBanking.utilities.ReadConfig.getEdgepath(ReadConfig.java:49)
at com.inetBanking.utilities.ReadConfig.getEdgepath(ReadConfig.java:49)
at com.inetBanking.utilities.ReadConfig.getEdgepath(ReadConfig.java:49)
at com.inetBanking.utilities.ReadConfig.getEdgepath(ReadConfig.java:49)
at com.inetBanking.utilities.ReadConfig.getEdgepath(ReadConfig.java:49)
at com.inetBanking.utilities.ReadConfig.getEdgepath(ReadConfig.java:49)
at com.inetBanking.utilities.ReadConfig.getEdgepath(ReadConfig.java:49)
at com.inetBanking.utilities.ReadConfig.getEdgepath(ReadConfig.java:49)
at com.inetBanking.utilities.ReadConfig.getEdgepath(ReadConfig.java:49)
at com.inetBanking.utilities.ReadConfig.getEdgepath(ReadConfig.java:49)
at com.inetBanking.utilities.ReadConfig.getEdgepath(ReadConfig.java:49)
at com.inetBanking.utilities.ReadConfig.getEdgepath(ReadConfig.java:49)
at com.inetBanking.utilities.ReadConfig.getEdgepath(ReadConfig.java:49)
at com.inetBanking.utilities.ReadConfig.getEdgepath(ReadConfig.java:49)
at com.inetBanking.utilities.ReadConfig.getEdgepath(ReadConfig.java:49)
at com.inetBanking.utilities.ReadConfig.getEdgepath(ReadConfig.java:49)
at com.inetBanking.utilities.ReadConfig.getEdgepath(ReadConfig.java:49)
at com.inetBanking.utilities.ReadConfig.getEdgepath(ReadConfig.java:49)
at com.inetBanking.utilities.ReadConfig.getEdgepath(ReadConfig.java:49)
at com.inetBanking.utilities.ReadConfig.getEdgepath(ReadConfig.java:49)
at com.inetBanking.utilities.ReadConfig.getEdgepath(ReadConfig.java:49)
at com.inetBanking.utilities.ReadConfig.getEdgepath(ReadConfig.java:49)
at com.inetBanking.utilities.ReadConfig.getEdgepath(ReadConfig.java:49)
at com.inetBanking.utilities.ReadConfig.getEdgepath(ReadConfig.java:49)
at com.inetBanking.utilities.ReadConfig.getEdgepath(ReadConfig.java:49)
at com.inetBanking.utilities.ReadConfig.getEdgepath(ReadConfig.java:49)
at com.inetBanking.utilities.ReadConfig.getEdgepath(ReadConfig.java:49)
at com.inetBanking.utilities.ReadConfig.getEdgepath(ReadConfig.java:49)
at com.inetBanking.utilities.ReadConfig.getEdgepath(ReadConfig.java:49)
at com.inetBanking.utilities.ReadConfig.getEdgepath(ReadConfig.java:49)
at com.inetBanking.utilities.ReadConfig.getEdgepath(ReadConfig.java:49)
at com.inetBanking.utilities.ReadConfig.getEdgepath(ReadConfig.java:49)
at com.inetBanking.utilities.ReadConfig.getEdgepath(ReadConfig.java:49)
at com.inetBanking.utilities.ReadConfig.getEdgepath(ReadConfig.java:49)
at com.inetBanking.utilities.ReadConfig.getEdgepath(ReadConfig.java:49)
at com.inetBanking.utilities.ReadConfig.getEdgepath(ReadConfig.java:49)
at com.inetBanking.utilities.ReadConfig.getEdgepath(ReadConfig.java:49)
at com.inetBanking.utilities.ReadConfig.getEdgepath(ReadConfig.java:49)
at com.inetBanking.utilities.ReadConfig.getEdgepath(ReadConfig.java:49)
at com.inetBanking.utilities.ReadConfig.getEdgepath(ReadConfig.java:49)
at com.inetBanking.utilities.ReadConfig.getEdgepath(ReadConfig.java:49)
at com.inetBanking.utilities.ReadConfig.getEdgepath(ReadConfig.java:49)
at com.inetBanking.utilities.ReadConfig.getEdgepath(ReadConfig.java:49)
at com.inetBanking.utilities.ReadConfig.getEdgepath(ReadConfig.java:49)
at com.inetBanking.utilities.ReadConfig.getEdgepath(ReadConfig.java:49)
at com.inetBanking.utilities.ReadConfig.getEdgepath(ReadConfig.java:49)
at com.inetBanking.utilities.ReadConfig.getEdgepath(ReadConfig.java:49)
at com.inetBanking.utilities.ReadConfig.getEdgepath(ReadConfig.java:49)
at com.inetBanking.utilities.ReadConfig.getEdgepath(ReadConfig.java:49)
at com.inetBanking.utilities.ReadConfig.getEdgepath(ReadConfig.java:49)
at com.inetBanking.utilities.ReadConfig.getEdgepath(ReadConfig.java:49)
at com.inetBanking.utilities.ReadConfig.getEdgepath(ReadConfig.java:49)
at com.inetBanking.utilities.ReadConfig.getEdgepath(ReadConfig.java:49)
at com.inetBanking.utilities.ReadConfig.getEdgepath(ReadConfig.java:49)
at com.inetBanking.utilities.ReadConfig.getEdgepath(ReadConfig.java:49)
at com.inetBanking.utilities.ReadConfig.getEdgepath(ReadConfig.java:49)
at com.inetBanking.utilities.ReadConfig.getEdgepath(ReadConfig.java:49)
at com.inetBanking.utilities.ReadConfig.getEdgepath(ReadConfig.java:49)
at com.inetBanking.utilities.ReadConfig.getEdgepath(ReadConfig.java:49)
at com.inetBanking.utilities.ReadConfig.getEdgepath(ReadConfig.java:49)
at com.inetBanking.utilities.ReadConfig.getEdgepath(ReadConfig.java:49)
at com.inetBanking.utilities.ReadConfig.getEdgepath(ReadConfig.java:49)
at com.inetBanking.utilities.ReadConfig.getEdgepath(ReadConfig.java:49)
at com.inetBanking.utilities.ReadConfig.getEdgepath(ReadConfig.java:49)
at com.inetBanking.utilities.ReadConfig.getEdgepath(ReadConfig.java:49)
at com.inetBanking.utilities.ReadConfig.getEdgepath(ReadConfig.java:49)
at com.inetBanking.utilities.ReadConfig.getEdgepath(ReadConfig.java:49)
at com.inetBanking.utilities.ReadConfig.getEdgepath(ReadConfig.java:49)
at com.inetBanking.utilities.ReadConfig.getEdgepath(ReadConfig.java:49)
at com.inetBanking.utilities.ReadConfig.getEdgepath(ReadConfig.java:49)
at com.inetBanking.utilities.ReadConfig.getEdgepath(ReadConfig.java:49)
at com.inetBanking.utilities.ReadConfig.getEdgepath(ReadConfig.java:49)
at com.inetBanking.utilities.ReadConfig.getEdgepath(ReadConfig.java:49)
at com.inetBanking.utilities.ReadConfig.getEdgepath(ReadConfig.java:49)
at com.inetBanking.utilities.ReadConfig.getEdgepath(ReadConfig.java:49)
at com.inetBanking.utilities.ReadConfig.getEdgepath(ReadConfig.java:49)
at com.inetBanking.utilities.ReadConfig.getEdgepath(ReadConfig.java:49)
at com.inetBanking.utilities.ReadConfig.getEdgepath(ReadConfig.java:49)
at com.inetBanking.utilities.ReadConfig.getEdgepath(ReadConfig.java:49)
at com.inetBanking.utilities.ReadConfig.getEdgepath(ReadConfig.java:49)
at com.inetBanking.utilities.ReadConfig.getEdgepath(ReadConfig.java:49)
at com.inetBanking.utilities.ReadConfig.getEdgepath(ReadConfig.java:49)
at com.inetBanking.utilities.ReadConfig.getEdgepath(ReadConfig.java:49)
at com.inetBanking.utilities.ReadConfig.getEdgepath(ReadConfig.java:49)
at com.inetBanking.utilities.ReadConfig.getEdgepath(ReadConfig.java:49)
at com.inetBanking.utilities.ReadConfig.getEdgepath(ReadConfig.java:49)
at com.inetBanking.utilities.ReadConfig.getEdgepath(ReadConfig.java:49)
at com.inetBanking.utilities.ReadConfig.getEdgepath(ReadConfig.java:49)
at com.inetBanking.utilities.ReadConfig.getEdgepath(ReadConfig.java:49)
at com.inetBanking.utilities.ReadConfig.getEdgepath(ReadConfig.java:49)
at com.inetBanking.utilities.ReadConfig.getEdgepath(ReadConfig.java:49)
at com.inetBanking.utilities.ReadConfig.getEdgepath(ReadConfig.java:49)
at com.inetBanking.utilities.ReadConfig.getEdgepath(ReadConfig.java:49)
at com.inetBanking.utilities.ReadConfig.getEdgepath(ReadConfig.java:49)
at com.inetBanking.utilities.ReadConfig.getEdgepath(ReadConfig.java:49)
at com.inetBanking.utilities.ReadConfig.getEdgepath(ReadConfig.java:49)
at com.inetBanking.utilities.ReadConfig.getEdgepath(ReadConfig.java:49)
at com.inetBanking.utilities.ReadConfig.getEdgepath(ReadConfig.java:49)
at com.inetBanking.utilities.ReadConfig.getEdgepath(ReadConfig.java:49)
at com.inetBanking.utilities.ReadConfig.getEdgepath(ReadConfig.java:49)
at com.inetBanking.utilities.ReadConfig.getEdgepath(ReadConfig.java:49)
at com.inetBanking.utilities.ReadConfig.getEdgepath(ReadConfig.java:49)
at com.inetBanking.utilities.ReadConfig.getEdgepath(ReadConfig.java:49)
at com.inetBanking.utilities.ReadConfig.getEdgepath(ReadConfig.java:49)
at com.inetBanking.utilities.ReadConfig.getEdgepath(ReadConfig.java:49)
at com.inetBanking.utilities.ReadConfig.getEdgepath(ReadConfig.java:49)
at com.inetBanking.utilities.ReadConfig.getEdgepath(ReadConfig.java:49)
at com.inetBanking.utilities.ReadConfig.getEdgepath(ReadConfig.java:49)
at com.inetBanking.utilities.ReadConfig.getEdgepath(ReadConfig.java:49)
at com.inetBanking.utilities.ReadConfig.getEdgepath(ReadConfig.java:49)
at com.inetBanking.utilities.ReadConfig.getEdgepath(ReadConfig.java:49)
at com.inetBanking.utilities.ReadConfig.getEdgepath(ReadConfig.java:49)
at com.inetBanking.utilities.ReadConfig.getEdgepath(ReadConfig.java:49)
at com.inetBanking.utilities.ReadConfig.getEdgepath(ReadConfig.java:49)
at com.inetBanking.utilities.ReadConfig.getEdgepath(ReadConfig.java:49)
at com.inetBanking.utilities.ReadConfig.getEdgepath(ReadConfig.java:49)
at com.inetBanking.utilities.ReadConfig.getEdgepath(ReadConfig.java:49)
at com.inetBanking.utilities.ReadConfig.getEdgepath(ReadConfig.java:49)
at com.inetBanking.utilities.ReadConfig.getEdgepath(ReadConfig.java:49)
at com.inetBanking.utilities.ReadConfig.getEdgepath(ReadConfig.java:49)
at com.inetBanking.utilities.ReadConfig.getEdgepath(ReadConfig.java:49)
at com.inetBanking.utilities.ReadConfig.getEdgepath(ReadConfig.java:49)
at com.inetBanking.utilities.ReadConfig.getEdgepath(ReadConfig.java:49)
at com.inetBanking.utilities.ReadConfig.getEdgepath(ReadConfig.java:49)
at com.inetBanking.utilities.ReadConfig.getEdgepath(ReadConfig.java:49)
at com.inetBanking.utilities.ReadConfig.getEdgepath(ReadConfig.java:49)
at com.inetBanking.utilities.ReadConfig.getEdgepath(ReadConfig.java:49)
at com.inetBanking.utilities.ReadConfig.getEdgepath(ReadConfig.java:49)
at com.inetBanking.utilities.ReadConfig.getEdgepath(ReadConfig.java:49)
at com.inetBanking.utilities.ReadConfig.getEdgepath(ReadConfig.java:49)
at com.inetBanking.utilities.ReadConfig.getEdgepath(ReadConfig.java:49)
at com.inetBanking.utilities.ReadConfig.getEdgepath(ReadConfig.java:49)
at com.inetBanking.utilities.ReadConfig.getEdgepath(ReadConfig.java:49)
at com.inetBanking.utilities.ReadConfig.getEdgepath(ReadConfig.java:49)
at com.inetBanking.utilities.ReadConfig.getEdgepath(ReadConfig.java:49)
at com.inetBanking.utilities.ReadConfig.getEdgepath(ReadConfig.java:49)
at com.inetBanking.utilities.ReadConfig.getEdgepath(ReadConfig.java:49)
at com.inetBanking.utilities.ReadConfig.getEdgepath(ReadConfig.java:49)
at com.inetBanking.utilities.ReadConfig.getEdgepath(ReadConfig.java:49)
at com.inetBanking.utilities.ReadConfig.getEdgepath(ReadConfig.java:49)
at com.inetBanking.utilities.ReadConfig.getEdgepath(ReadConfig.java:49)
at com.inetBanking.utilities.ReadConfig.getEdgepath(ReadConfig.java:49)
at com.inetBanking.utilities.ReadConfig.getEdgepath(ReadConfig.java:49)
at com.inetBanking.utilities.ReadConfig.getEdgepath(ReadConfig.java:49)
at com.inetBanking.utilities.ReadConfig.getEdgepath(ReadConfig.java:49)
at com.inetBanking.utilities.ReadConfig.getEdgepath(ReadConfig.java:49)
at com.inetBanking.utilities.ReadConfig.getEdgepath(ReadConfig.java:49)
at com.inetBanking.utilities.ReadConfig.getEdgepath(ReadConfig.java:49)
at com.inetBanking.utilities.ReadConfig.getEdgepath(ReadConfig.java:49)
at com.inetBanking.utilities.ReadConfig.getEdgepath(ReadConfig.java:49)
at com.inetBanking.utilities.ReadConfig.getEdgepath(ReadConfig.java:49)
at com.inetBanking.utilities.ReadConfig.getEdgepath(ReadConfig.java:49)
at com.inetBanking.utilities.ReadConfig.getEdgepath(ReadConfig.java:49)
at com.inetBanking.utilities.ReadConfig.getEdgepath(ReadConfig.java:49)
at com.inetBanking.utilities.ReadConfig.getEdgepath(ReadConfig.java:49)
at com.inetBanking.utilities.ReadConfig.getEdgepath(ReadConfig.java:49)
at com.inetBanking.utilities.ReadConfig.getEdgepath(ReadConfig.java:49)
at com.inetBanking.utilities.ReadConfig.getEdgepath(ReadConfig.java:49)
at com.inetBanking.utilities.ReadConfig.getEdgepath(ReadConfig.java:49)
at com.inetBanking.utilities.ReadConfig.getEdgepath(ReadConfig.java:49)
at com.inetBanking.utilities.ReadConfig.getEdgepath(ReadConfig.java:49)
at com.inetBanking.utilities.ReadConfig.getEdgepath(ReadConfig.java:49)
at com.inetBanking.utilities.ReadConfig.getEdgepath(ReadConfig.java:49)
at com.inetBanking.utilities.ReadConfig.getEdgepath(ReadConfig.java:49)
at com.inetBanking.utilities.ReadConfig.getEdgepath(ReadConfig.java:49)
at com.inetBanking.utilities.ReadConfig.getEdgepath(ReadConfig.java:49)
at com.inetBanking.utilities.ReadConfig.getEdgepath(ReadConfig.java:49)
at com.inetBanking.utilities.ReadConfig.getEdgepath(ReadConfig.java:49)
at com.inetBanking.utilities.ReadConfig.getEdgepath(ReadConfig.java:49)
at com.inetBanking.utilities.ReadConfig.getEdgepath(ReadConfig.java:49)
at com.inetBanking.utilities.ReadConfig.getEdgepath(ReadConfig.java:49)
at com.inetBanking.utilities.ReadConfig.getEdgepath(ReadConfig.java:49)
at com.inetBanking.utilities.ReadConfig.getEdgepath(ReadConfig.java:49)
at com.inetBanking.utilities.ReadConfig.getEdgepath(ReadConfig.java:49)
at com.inetBanking.utilities.ReadConfig.getEdgepath(ReadConfig.java:49)
at com.inetBanking.utilities.ReadConfig.getEdgepath(ReadConfig.java:49)
at com.inetBanking.utilities.ReadConfig.getEdgepath(ReadConfig.java:49)
at com.inetBanking.utilities.ReadConfig.getEdgepath(ReadConfig.java:49)
at com.inetBanking.utilities.ReadConfig.getEdgepath(ReadConfig.java:49)
at com.inetBanking.utilities.ReadConfig.getEdgepath(ReadConfig.java:49)
at com.inetBanking.utilities.ReadConfig.getEdgepath(ReadConfig.java:49)
at com.inetBanking.utilities.ReadConfig.getEdgepath(ReadConfig.java:49)
at com.inetBanking.utilities.ReadConfig.getEdgepath(ReadConfig.java:49)
at com.inetBanking.utilities.ReadConfig.getEdgepath(ReadConfig.java:49)
at com.inetBanking.utilities.ReadConfig.getEdgepath(ReadConfig.java:49)
at com.inetBanking.utilities.ReadConfig.getEdgepath(ReadConfig.java:49)
at com.inetBanking.utilities.ReadConfig.getEdgepath(ReadConfig.java:49)
at com.inetBanking.utilities.ReadConfig.getEdgepath(ReadConfig.java:49)
at com.inetBanking.utilities.ReadConfig.getEdgepath(ReadConfig.java:49)
at com.inetBanking.utilities.ReadConfig.getEdgepath(ReadConfig.java:49)
at com.inetBanking.utilities.ReadConfig.getEdgepath(ReadConfig.java:49)
at com.inetBanking.utilities.ReadConfig.getEdgepath(ReadConfig.java:49)
at com.inetBanking.utilities.ReadConfig.getEdgepath(ReadConfig.java:49)
at com.inetBanking.utilities.ReadConfig.getEdgepath(ReadConfig.java:49)
at com.inetBanking.utilities.ReadConfig.getEdgepath(ReadConfig.java:49)
at com.inetBanking.utilities.ReadConfig.getEdgepath(ReadConfig.java:49)
at com.inetBanking.utilities.ReadConfig.getEdgepath(ReadConfig.java:49)
at com.inetBanking.utilities.ReadConfig.getEdgepath(ReadConfig.java:49)
at com.inetBanking.utilities.ReadConfig.getEdgepath(ReadConfig.java:49)
at com.inetBanking.utilities.ReadConfig.getEdgepath(ReadConfig.java:49)
at com.inetBanking.utilities.ReadConfig.getEdgepath(ReadConfig.java:49)
at com.inetBanking.utilities.ReadConfig.getEdgepath(ReadConfig.java:49)
at com.inetBanking.utilities.ReadConfig.getEdgepath(ReadConfig.java:49)
at com.inetBanking.utilities.ReadConfig.getEdgepath(ReadConfig.java:49)
at com.inetBanking.utilities.ReadConfig.getEdgepath(ReadConfig.java:49)
at com.inetBanking.utilities.ReadConfig.getEdgepath(ReadConfig.java:49)
at com.inetBanking.utilities.ReadConfig.getEdgepath(ReadConfig.java:49)
at com.inetBanking.utilities.ReadConfig.getEdgepath(ReadConfig.java:49)
at com.inetBanking.utilities.ReadConfig.getEdgepath(ReadConfig.java:49)
at com.inetBanking.utilities.ReadConfig.getEdgepath(ReadConfig.java:49)
at com.inetBanking.utilities.ReadConfig.getEdgepath(ReadConfig.java:49)
at com.inetBanking.utilities.ReadConfig.getEdgepath(ReadConfig.java:49)
at com.inetBanking.utilities.ReadConfig.getEdgepath(ReadConfig.java:49)
at com.inetBanking.utilities.ReadConfig.getEdgepath(ReadConfig.java:49)
at com.inetBanking.utilities.ReadConfig.getEdgepath(ReadConfig.java:49)
at com.inetBanking.utilities.ReadConfig.getEdgepath(ReadConfig.java:49)
at com.inetBanking.utilities.ReadConfig.getEdgepath(ReadConfig.java:49)
at com.inetBanking.utilities.ReadConfig.getEdgepath(ReadConfig.java:49)
at com.inetBanking.utilities.ReadConfig.getEdgepath(ReadConfig.java:49)
at com.inetBanking.utilities.ReadConfig.getEdgepath(ReadConfig.java:49)
at com.inetBanking.utilities.ReadConfig.getEdgepath(ReadConfig.java:49)
at com.inetBanking.utilities.ReadConfig.getEdgepath(ReadConfig.java:49)
at com.inetBanking.utilities.ReadConfig.getEdgepath(ReadConfig.java:49)
at com.inetBanking.utilities.ReadConfig.getEdgepath(ReadConfig.java:49)
at com.inetBanking.utilities.ReadConfig.getEdgepath(ReadConfig.java:49)
at com.inetBanking.utilities.ReadConfig.getEdgepath(ReadConfig.java:49)
at com.inetBanking.utilities.ReadConfig.getEdgepath(ReadConfig.java:49)
at com.inetBanking.utilities.ReadConfig.getEdgepath(ReadConfig.java:49)
at com.inetBanking.utilities.ReadConfig.getEdgepath(ReadConfig.java:49)
at com.inetBanking.utilities.ReadConfig.getEdgepath(ReadConfig.java:49)
at com.inetBanking.utilities.ReadConfig.getEdgepath(ReadConfig.java:49)
at com.inetBanking.utilities.ReadConfig.getEdgepath(ReadConfig.java:49)
at com.inetBanking.utilities.ReadConfig.getEdgepath(ReadConfig.java:49)
at com.inetBanking.utilities.ReadConfig.getEdgepath(ReadConfig.java:49)
at com.inetBanking.utilities.ReadConfig.getEdgepath(ReadConfig.java:49)
at com.inetBanking.utilities.ReadConfig.getEdgepath(ReadConfig.java:49)
at com.inetBanking.utilities.ReadConfig.getEdgepath(ReadConfig.java:49)
at com.inetBanking.utilities.ReadConfig.getEdgepath(ReadConfig.java:49)
at com.inetBanking.utilities.ReadConfig.getEdgepath(ReadConfig.java:49)
at com.inetBanking.utilities.ReadConfig.getEdgepath(ReadConfig.java:49)
at com.inetBanking.utilities.ReadConfig.getEdgepath(ReadConfig.java:49)
at com.inetBanking.utilities.ReadConfig.getEdgepath(ReadConfig.java:49)
at com.inetBanking.utilities.ReadConfig.getEdgepath(ReadConfig.java:49)
at com.inetBanking.utilities.ReadConfig.getEdgepath(ReadConfig.java:49)
at com.inetBanking.utilities.ReadConfig.getEdgepath(ReadConfig.java:49)
at com.inetBanking.utilities.ReadConfig.getEdgepath(ReadConfig.java:49)
at com.inetBanking.utilities.ReadConfig.getEdgepath(ReadConfig.java:49)
at com.inetBanking.utilities.ReadConfig.getEdgepath(ReadConfig.java:49)
at com.inetBanking.utilities.ReadConfig.getEdgepath(ReadConfig.java:49)
at com.inetBanking.utilities.ReadConfig.getEdgepath(ReadConfig.java:49)
at com.inetBanking.utilities.ReadConfig.getEdgepath(ReadConfig.java:49)
at com.inetBanking.utilities.ReadConfig.getEdgepath(ReadConfig.java:49)
at com.inetBanking.utilities.ReadConfig.getEdgepath(ReadConfig.java:49)
]]>
    </failure>
  </testcase> <!-- @BeforeClass setUp -->
  <testcase classname="com.inetBanking.testcases.BaseClass" name="@AfterClass tearDown" time="0.0">
    <skipped/>
  </testcase> <!-- @AfterClass tearDown -->
  <testcase classname="com.inetBanking.testcases.TC_LoginTest_001" name="loginTest" time="0.001">
    <skipped/>
  </testcase> <!-- loginTest -->
</testsuite> <!-- Test -->
