<?xml version="1.0" encoding="UTF-8"?>
<!-- Generated by org.testng.reporters.JUnitXMLReporter -->
<testsuite ignored="0" hostname="INHNJLPT-978465" failures="0" tests="1" name="Banking" time="0.174" errors="0" timestamp="2024-03-27T15:56:51 IST">
  <testcase classname="com.inetBanking.testcases.BaseClass" name="@BeforeClass setup" time="0.107">
    <failure type="java.lang.StackOverflowError">
      <![CDATA[java.lang.StackOverflowError
at com.inetBanking.utilities.ReadConfig.getEdgepath(ReadConfig.java:49)
at com.inetBanking.utilities.ReadConfig.getEdgepath(ReadConfig.java:49)
at com.inetBanking.utilities.ReadConfig.getEdgepath(ReadConfig.java:49)
at com.inetBanking.utilities.ReadConfig.getEdgepath(ReadConfig.java:49)
at com.inetBanking.utilities.ReadConfig.getEdgepath(ReadConfig.java:49)
at com.inetBanking.utilities.ReadConfig.getEdgepath(ReadConfig.java:49)
at com.inetBanking.utilities.ReadConfig.getEdgepath(ReadConfig.java:49)
at com.inetBanking.utilities.ReadConfig.getEdgepath(ReadConfig.java:49)
at com.inetBanking.utilities.ReadConfig.getEdgepath(ReadConfig.java:49)
at com.inetBanking.utilities.ReadConfig.getEdgepath(ReadConfig.java:49)
at com.inetBanking.utilities.ReadConfig.getEdgepath(ReadConfig.java:49)
at com.inetBanking.utilities.ReadConfig.getEdgepath(ReadConfig.java:49)
at com.inetBanking.utilities.ReadConfig.getEdgepath(ReadConfig.java:49)
at com.inetBanking.utilities.ReadConfig.getEdgepath(ReadConfig.java:49)
at com.inetBanking.utilities.ReadConfig.getEdgepath(ReadConfig.java:49)
at com.inetBanking.utilities.ReadConfig.getEdgepath(ReadConfig.java:49)
at com.inetBanking.utilities.ReadConfig.getEdgepath(ReadConfig.java:49)
at com.inetBanking.utilities.ReadConfig.getEdgepath(ReadConfig.java:49)
at com.inetBanking.utilities.ReadConfig.getEdgepath(ReadConfig.java:49)
at com.inetBanking.utilities.ReadConfig.getEdgepath(ReadConfig.java:49)
at com.inetBanking.utilities.ReadConfig.getEdgepath(ReadConfig.java:49)
at com.inetBanking.utilities.ReadConfig.getEdgepath(ReadConfig.java:49)
at com.inetBanking.utilities.ReadConfig.getEdgepath(ReadConfig.java:49)
at com.inetBanking.utilities.ReadConfig.getEdgepath(ReadConfig.java:49)
at com.inetBanking.utilities.ReadConfig.getEdgepath(ReadConfig.java:49)
at com.inetBanking.utilities.ReadConfig.getEdgepath(ReadConfig.java:49)
at com.inetBanking.utilities.ReadConfig.getEdgepath(ReadConfig.java:49)
at com.inetBanking.utilities.ReadConfig.getEdgepath(ReadConfig.java:49)
at com.inetBanking.utilities.ReadConfig.getEdgepath(ReadConfig.java:49)
at com.inetBanking.utilities.ReadConfig.getEdgepath(ReadConfig.java:49)
at com.inetBanking.utilities.ReadConfig.getEdgepath(ReadConfig.java:49)
at com.inetBanking.utilities.ReadConfig.getEdgepath(ReadConfig.java:49)
at com.inetBanking.utilities.ReadConfig.getEdgepath(ReadConfig.java:49)
at com.inetBanking.utilities.ReadConfig.getEdgepath(ReadConfig.java:49)
at com.inetBanking.utilities.ReadConfig.getEdgepath(ReadConfig.java:49)
at com.inetBanking.utilities.ReadConfig.getEdgepath(ReadConfig.java:49)
at com.inetBanking.utilities.ReadConfig.getEdgepath(ReadConfig.java:49)
at com.inetBanking.utilities.ReadConfig.getEdgepath(ReadConfig.java:49)
at com.inetBanking.utilities.ReadConfig.getEdgepath(ReadConfig.java:49)
at com.inetBanking.utilities.ReadConfig.getEdgepath(ReadConfig.java:49)
at com.inetBanking.utilities.ReadConfig.getEdgepath(ReadConfig.java:49)
at com.inetBanking.utilities.ReadConfig.getEdgepath(ReadConfig.java:49)
at com.inetBanking.utilities.ReadConfig.getEdgepath(ReadConfig.java:49)
at com.inetBanking.utilities.ReadConfig.getEdgepath(ReadConfig.java:49)
at com.inetBanking.utilities.ReadConfig.getEdgepath(ReadConfig.java:49)
at com.inetBanking.utilities.ReadConfig.getEdgepath(ReadConfig.java:49)
at com.inetBanking.utilities.ReadConfig.getEdgepath(ReadConfig.java:49)
at com.inetBanking.utilities.ReadConfig.getEdgepath(ReadConfig.java:49)
at com.inetBanking.utilities.ReadConfig.getEdgepath(ReadConfig.java:49)
at com.inetBanking.utilities.ReadConfig.getEdgepath(ReadConfig.java:49)
at com.inetBanking.utilities.ReadConfig.getEdgepath(ReadConfig.java:49)
at com.inetBanking.utilities.ReadConfig.getEdgepath(ReadConfig.java:49)
at com.inetBanking.utilities.ReadConfig.getEdgepath(ReadConfig.java:49)
at com.inetBanking.utilities.ReadConfig.getEdgepath(ReadConfig.java:49)
at com.inetBanking.utilities.ReadConfig.getEdgepath(ReadConfig.java:49)
at com.inetBanking.utilities.ReadConfig.getEdgepath(ReadConfig.java:49)
at com.inetBanking.utilities.ReadConfig.getEdgepath(ReadConfig.java:49)
at com.inetBanking.utilities.ReadConfig.getEdgepath(ReadConfig.java:49)
at com.inetBanking.utilities.ReadConfig.getEdgepath(ReadConfig.java:49)
at com.inetBanking.utilities.ReadConfig.getEdgepath(ReadConfig.java:49)
at com.inetBanking.utilities.ReadConfig.getEdgepath(ReadConfig.java:49)
at com.inetBanking.utilities.ReadConfig.getEdgepath(ReadConfig.java:49)
at com.inetBanking.utilities.ReadConfig.getEdgepath(ReadConfig.java:49)
at com.inetBanking.utilities.ReadConfig.getEdgepath(ReadConfig.java:49)
at com.inetBanking.utilities.ReadConfig.getEdgepath(ReadConfig.java:49)
at com.inetBanking.utilities.ReadConfig.getEdgepath(ReadConfig.java:49)
at com.inetBanking.utilities.ReadConfig.getEdgepath(ReadConfig.java:49)
at com.inetBanking.utilities.ReadConfig.getEdgepath(ReadConfig.java:49)
at com.inetBanking.utilities.ReadConfig.getEdgepath(ReadConfig.java:49)
at com.inetBanking.utilities.ReadConfig.getEdgepath(ReadConfig.java:49)
at com.inetBanking.utilities.ReadConfig.getEdgepath(ReadConfig.java:49)
at com.inetBanking.utilities.ReadConfig.getEdgepath(ReadConfig.java:49)
at com.inetBanking.utilities.ReadConfig.getEdgepath(ReadConfig.java:49)
at com.inetBanking.utilities.ReadConfig.getEdgepath(ReadConfig.java:49)
at com.inetBanking.utilities.ReadConfig.getEdgepath(ReadConfig.java:49)
at com.inetBanking.utilities.ReadConfig.getEdgepath(ReadConfig.java:49)
at com.inetBanking.utilities.ReadConfig.getEdgepath(ReadConfig.java:49)
at com.inetBanking.utilities.ReadConfig.getEdgepath(ReadConfig.java:49)
at com.inetBanking.utilities.ReadConfig.getEdgepath(ReadConfig.java:49)
at com.inetBanking.utilities.ReadConfig.getEdgepath(ReadConfig.java:49)
at com.inetBanking.utilities.ReadConfig.getEdgepath(ReadConfig.java:49)
at com.inetBanking.utilities.ReadConfig.getEdgepath(ReadConfig.java:49)
at com.inetBanking.utilities.ReadConfig.getEdgepath(ReadConfig.java:49)
at com.inetBanking.utilities.ReadConfig.getEdgepath(ReadConfig.java:49)
at com.inetBanking.utilities.ReadConfig.getEdgepath(ReadConfig.java:49)
at com.inetBanking.utilities.ReadConfig.getEdgepath(ReadConfig.java:49)
at com.inetBanking.utilities.ReadConfig.getEdgepath(ReadConfig.java:49)
at com.inetBanking.utilities.ReadConfig.getEdgepath(ReadConfig.java:49)
at com.inetBanking.utilities.ReadConfig.getEdgepath(ReadConfig.java:49)
at com.inetBanking.utilities.ReadConfig.getEdgepath(ReadConfig.java:49)
at com.inetBanking.utilities.ReadConfig.getEdgepath(ReadConfig.java:49)
at com.inetBanking.utilities.ReadConfig.getEdgepath(ReadConfig.java:49)
at com.inetBanking.utilities.ReadConfig.getEdgepath(ReadConfig.java:49)
at com.inetBanking.utilities.ReadConfig.getEdgepath(ReadConfig.java:49)
at com.inetBanking.utilities.ReadConfig.getEdgepath(ReadConfig.java:49)
at com.inetBanking.utilities.ReadConfig.getEdgepath(ReadConfig.java:49)
at com.inetBanking.utilities.ReadConfig.getEdgepath(ReadConfig.java:49)
at com.inetBanking.utilities.ReadConfig.getEdgepath(ReadConfig.java:49)
at com.inetBanking.utilities.ReadConfig.getEdgepath(ReadConfig.java:49)
at com.inetBanking.utilities.ReadConfig.getEdgepath(ReadConfig.java:49)
at com.inetBanking.utilities.ReadConfig.getEdgepath(ReadConfig.java:49)
at com.inetBanking.utilities.ReadConfig.getEdgepath(ReadConfig.java:49)
at com.inetBanking.utilities.ReadConfig.getEdgepath(ReadConfig.java:49)
at com.inetBanking.utilities.ReadConfig.getEdgepath(ReadConfig.java:49)
at com.inetBanking.utilities.ReadConfig.getEdgepath(ReadConfig.java:49)
at com.inetBanking.utilities.ReadConfig.getEdgepath(ReadConfig.java:49)
at com.inetBanking.utilities.ReadConfig.getEdgepath(ReadConfig.java:49)
at com.inetBanking.utilities.ReadConfig.getEdgepath(ReadConfig.java:49)
at com.inetBanking.utilities.ReadConfig.getEdgepath(ReadConfig.java:49)
at com.inetBanking.utilities.ReadConfig.getEdgepath(ReadConfig.java:49)
at com.inetBanking.utilities.ReadConfig.getEdgepath(ReadConfig.java:49)
at com.inetBanking.utilities.ReadConfig.getEdgepath(ReadConfig.java:49)
at com.inetBanking.utilities.ReadConfig.getEdgepath(ReadConfig.java:49)
at com.inetBanking.utilities.ReadConfig.getEdgepath(ReadConfig.java:49)
at com.inetBanking.utilities.ReadConfig.getEdgepath(ReadConfig.java:49)
at com.inetBanking.utilities.ReadConfig.getEdgepath(ReadConfig.java:49)
at com.inetBanking.utilities.ReadConfig.getEdgepath(ReadConfig.java:49)
at com.inetBanking.utilities.ReadConfig.getEdgepath(ReadConfig.java:49)
at com.inetBanking.utilities.ReadConfig.getEdgepath(ReadConfig.java:49)
at com.inetBanking.utilities.ReadConfig.getEdgepath(ReadConfig.java:49)
at com.inetBanking.utilities.ReadConfig.getEdgepath(ReadConfig.java:49)
at com.inetBanking.utilities.ReadConfig.getEdgepath(ReadConfig.java:49)
at com.inetBanking.utilities.ReadConfig.getEdgepath(ReadConfig.java:49)
at com.inetBanking.utilities.ReadConfig.getEdgepath(ReadConfig.java:49)
at com.inetBanking.utilities.ReadConfig.getEdgepath(ReadConfig.java:49)
at com.inetBanking.utilities.ReadConfig.getEdgepath(ReadConfig.java:49)
at com.inetBanking.utilities.ReadConfig.getEdgepath(ReadConfig.java:49)
at com.inetBanking.utilities.ReadConfig.getEdgepath(ReadConfig.java:49)
at com.inetBanking.utilities.ReadConfig.getEdgepath(ReadConfig.java:49)
at com.inetBanking.utilities.ReadConfig.getEdgepath(ReadConfig.java:49)
at com.inetBanking.utilities.ReadConfig.getEdgepath(ReadConfig.java:49)
at com.inetBanking.utilities.ReadConfig.getEdgepath(ReadConfig.java:49)
at com.inetBanking.utilities.ReadConfig.getEdgepath(ReadConfig.java:49)
at com.inetBanking.utilities.ReadConfig.getEdgepath(ReadConfig.java:49)
at com.inetBanking.utilities.ReadConfig.getEdgepath(ReadConfig.java:49)
at com.inetBanking.utilities.ReadConfig.getEdgepath(ReadConfig.java:49)
at com.inetBanking.utilities.ReadConfig.getEdgepath(ReadConfig.java:49)
at com.inetBanking.utilities.ReadConfig.getEdgepath(ReadConfig.java:49)
at com.inetBanking.utilities.ReadConfig.getEdgepath(ReadConfig.java:49)
at com.inetBanking.utilities.ReadConfig.getEdgepath(ReadConfig.java:49)
at com.inetBanking.utilities.ReadConfig.getEdgepath(ReadConfig.java:49)
at com.inetBanking.utilities.ReadConfig.getEdgepath(ReadConfig.java:49)
at com.inetBanking.utilities.ReadConfig.getEdgepath(ReadConfig.java:49)
at com.inetBanking.utilities.ReadConfig.getEdgepath(ReadConfig.java:49)
at com.inetBanking.utilities.ReadConfig.getEdgepath(ReadConfig.java:49)
at com.inetBanking.utilities.ReadConfig.getEdgepath(ReadConfig.java:49)
at com.inetBanking.utilities.ReadConfig.getEdgepath(ReadConfig.java:49)
at com.inetBanking.utilities.ReadConfig.getEdgepath(ReadConfig.java:49)
at com.inetBanking.utilities.ReadConfig.getEdgepath(ReadConfig.java:49)
at com.inetBanking.utilities.ReadConfig.getEdgepath(ReadConfig.java:49)
at com.inetBanking.utilities.ReadConfig.getEdgepath(ReadConfig.java:49)
at com.inetBanking.utilities.ReadConfig.getEdgepath(ReadConfig.java:49)
at com.inetBanking.utilities.ReadConfig.getEdgepath(ReadConfig.java:49)
at com.inetBanking.utilities.ReadConfig.getEdgepath(ReadConfig.java:49)
at com.inetBanking.utilities.ReadConfig.getEdgepath(ReadConfig.java:49)
at com.inetBanking.utilities.ReadConfig.getEdgepath(ReadConfig.java:49)
at com.inetBanking.utilities.ReadConfig.getEdgepath(ReadConfig.java:49)
at com.inetBanking.utilities.ReadConfig.getEdgepath(ReadConfig.java:49)
at com.inetBanking.utilities.ReadConfig.getEdgepath(ReadConfig.java:49)
at com.inetBanking.utilities.ReadConfig.getEdgepath(ReadConfig.java:49)
at com.inetBanking.utilities.ReadConfig.getEdgepath(ReadConfig.java:49)
at com.inetBanking.utilities.ReadConfig.getEdgepath(ReadConfig.java:49)
at com.inetBanking.utilities.ReadConfig.getEdgepath(ReadConfig.java:49)
at com.inetBanking.utilities.ReadConfig.getEdgepath(ReadConfig.java:49)
at com.inetBanking.utilities.ReadConfig.getEdgepath(ReadConfig.java:49)
at com.inetBanking.utilities.ReadConfig.getEdgepath(ReadConfig.java:49)
at com.inetBanking.utilities.ReadConfig.getEdgepath(ReadConfig.java:49)
at com.inetBanking.utilities.ReadConfig.getEdgepath(ReadConfig.java:49)
at com.inetBanking.utilities.ReadConfig.getEdgepath(ReadConfig.java:49)
at com.inetBanking.utilities.ReadConfig.getEdgepath(ReadConfig.java:49)
at com.inetBanking.utilities.ReadConfig.getEdgepath(ReadConfig.java:49)
at com.inetBanking.utilities.ReadConfig.getEdgepath(ReadConfig.java:49)
at com.inetBanking.utilities.ReadConfig.getEdgepath(ReadConfig.java:49)
at com.inetBanking.utilities.ReadConfig.getEdgepath(ReadConfig.java:49)
at com.inetBanking.utilities.ReadConfig.getEdgepath(ReadConfig.java:49)
at com.inetBanking.utilities.ReadConfig.getEdgepath(ReadConfig.java:49)
at com.inetBanking.utilities.ReadConfig.getEdgepath(ReadConfig.java:49)
at com.inetBanking.utilities.ReadConfig.getEdgepath(ReadConfig.java:49)
at com.inetBanking.utilities.ReadConfig.getEdgepath(ReadConfig.java:49)
at com.inetBanking.utilities.ReadConfig.getEdgepath(ReadConfig.java:49)
at com.inetBanking.utilities.ReadConfig.getEdgepath(ReadConfig.java:49)
at com.inetBanking.utilities.ReadConfig.getEdgepath(ReadConfig.java:49)
at com.inetBanking.utilities.ReadConfig.getEdgepath(ReadConfig.java:49)
at com.inetBanking.utilities.ReadConfig.getEdgepath(ReadConfig.java:49)
at com.inetBanking.utilities.ReadConfig.getEdgepath(ReadConfig.java:49)
at com.inetBanking.utilities.ReadConfig.getEdgepath(ReadConfig.java:49)
at com.inetBanking.utilities.ReadConfig.getEdgepath(ReadConfig.java:49)
at com.inetBanking.utilities.ReadConfig.getEdgepath(ReadConfig.java:49)
at com.inetBanking.utilities.ReadConfig.getEdgepath(ReadConfig.java:49)
at com.inetBanking.utilities.ReadConfig.getEdgepath(ReadConfig.java:49)
at com.inetBanking.utilities.ReadConfig.getEdgepath(ReadConfig.java:49)
at com.inetBanking.utilities.ReadConfig.getEdgepath(ReadConfig.java:49)
at com.inetBanking.utilities.ReadConfig.getEdgepath(ReadConfig.java:49)
at com.inetBanking.utilities.ReadConfig.getEdgepath(ReadConfig.java:49)
at com.inetBanking.utilities.ReadConfig.getEdgepath(ReadConfig.java:49)
at com.inetBanking.utilities.ReadConfig.getEdgepath(ReadConfig.java:49)
at com.inetBanking.utilities.ReadConfig.getEdgepath(ReadConfig.java:49)
at com.inetBanking.utilities.ReadConfig.getEdgepath(ReadConfig.java:49)
at com.inetBanking.utilities.ReadConfig.getEdgepath(ReadConfig.java:49)
at com.inetBanking.utilities.ReadConfig.getEdgepath(ReadConfig.java:49)
at com.inetBanking.utilities.ReadConfig.getEdgepath(ReadConfig.java:49)
at com.inetBanking.utilities.ReadConfig.getEdgepath(ReadConfig.java:49)
at com.inetBanking.utilities.ReadConfig.getEdgepath(ReadConfig.java:49)
at com.inetBanking.utilities.ReadConfig.getEdgepath(ReadConfig.java:49)
at com.inetBanking.utilities.ReadConfig.getEdgepath(ReadConfig.java:49)
at com.inetBanking.utilities.ReadConfig.getEdgepath(ReadConfig.java:49)
at com.inetBanking.utilities.ReadConfig.getEdgepath(ReadConfig.java:49)
at com.inetBanking.utilities.ReadConfig.getEdgepath(ReadConfig.java:49)
at com.inetBanking.utilities.ReadConfig.getEdgepath(ReadConfig.java:49)
at com.inetBanking.utilities.ReadConfig.getEdgepath(ReadConfig.java:49)
at com.inetBanking.utilities.ReadConfig.getEdgepath(ReadConfig.java:49)
at com.inetBanking.utilities.ReadConfig.getEdgepath(ReadConfig.java:49)
at com.inetBanking.utilities.ReadConfig.getEdgepath(ReadConfig.java:49)
at com.inetBanking.utilities.ReadConfig.getEdgepath(ReadConfig.java:49)
at com.inetBanking.utilities.ReadConfig.getEdgepath(ReadConfig.java:49)
at com.inetBanking.utilities.ReadConfig.getEdgepath(ReadConfig.java:49)
at com.inetBanking.utilities.ReadConfig.getEdgepath(ReadConfig.java:49)
at com.inetBanking.utilities.ReadConfig.getEdgepath(ReadConfig.java:49)
at com.inetBanking.utilities.ReadConfig.getEdgepath(ReadConfig.java:49)
at com.inetBanking.utilities.ReadConfig.getEdgepath(ReadConfig.java:49)
at com.inetBanking.utilities.ReadConfig.getEdgepath(ReadConfig.java:49)
at com.inetBanking.utilities.ReadConfig.getEdgepath(ReadConfig.java:49)
at com.inetBanking.utilities.ReadConfig.getEdgepath(ReadConfig.java:49)
at com.inetBanking.utilities.ReadConfig.getEdgepath(ReadConfig.java:49)
at com.inetBanking.utilities.ReadConfig.getEdgepath(ReadConfig.java:49)
at com.inetBanking.utilities.ReadConfig.getEdgepath(ReadConfig.java:49)
at com.inetBanking.utilities.ReadConfig.getEdgepath(ReadConfig.java:49)
at com.inetBanking.utilities.ReadConfig.getEdgepath(ReadConfig.java:49)
at com.inetBanking.utilities.ReadConfig.getEdgepath(ReadConfig.java:49)
at com.inetBanking.utilities.ReadConfig.getEdgepath(ReadConfig.java:49)
at com.inetBanking.utilities.ReadConfig.getEdgepath(ReadConfig.java:49)
at com.inetBanking.utilities.ReadConfig.getEdgepath(ReadConfig.java:49)
at com.inetBanking.utilities.ReadConfig.getEdgepath(ReadConfig.java:49)
at com.inetBanking.utilities.ReadConfig.getEdgepath(ReadConfig.java:49)
at com.inetBanking.utilities.ReadConfig.getEdgepath(ReadConfig.java:49)
at com.inetBanking.utilities.ReadConfig.getEdgepath(ReadConfig.java:49)
at com.inetBanking.utilities.ReadConfig.getEdgepath(ReadConfig.java:49)
at com.inetBanking.utilities.ReadConfig.getEdgepath(ReadConfig.java:49)
at com.inetBanking.utilities.ReadConfig.getEdgepath(ReadConfig.java:49)
at com.inetBanking.utilities.ReadConfig.getEdgepath(ReadConfig.java:49)
at com.inetBanking.utilities.ReadConfig.getEdgepath(ReadConfig.java:49)
at com.inetBanking.utilities.ReadConfig.getEdgepath(ReadConfig.java:49)
at com.inetBanking.utilities.ReadConfig.getEdgepath(ReadConfig.java:49)
at com.inetBanking.utilities.ReadConfig.getEdgepath(ReadConfig.java:49)
at com.inetBanking.utilities.ReadConfig.getEdgepath(ReadConfig.java:49)
at com.inetBanking.utilities.ReadConfig.getEdgepath(ReadConfig.java:49)
at com.inetBanking.utilities.ReadConfig.getEdgepath(ReadConfig.java:49)
at com.inetBanking.utilities.ReadConfig.getEdgepath(ReadConfig.java:49)
at com.inetBanking.utilities.ReadConfig.getEdgepath(ReadConfig.java:49)
at com.inetBanking.utilities.ReadConfig.getEdgepath(ReadConfig.java:49)
at com.inetBanking.utilities.ReadConfig.getEdgepath(ReadConfig.java:49)
at com.inetBanking.utilities.ReadConfig.getEdgepath(ReadConfig.java:49)
at com.inetBanking.utilities.ReadConfig.getEdgepath(ReadConfig.java:49)
at com.inetBanking.utilities.ReadConfig.getEdgepath(ReadConfig.java:49)
at com.inetBanking.utilities.ReadConfig.getEdgepath(ReadConfig.java:49)
at com.inetBanking.utilities.ReadConfig.getEdgepath(ReadConfig.java:49)
at com.inetBanking.utilities.ReadConfig.getEdgepath(ReadConfig.java:49)
at com.inetBanking.utilities.ReadConfig.getEdgepath(ReadConfig.java:49)
at com.inetBanking.utilities.ReadConfig.getEdgepath(ReadConfig.java:49)
at com.inetBanking.utilities.ReadConfig.getEdgepath(ReadConfig.java:49)
at com.inetBanking.utilities.ReadConfig.getEdgepath(ReadConfig.java:49)
at com.inetBanking.utilities.ReadConfig.getEdgepath(ReadConfig.java:49)
at com.inetBanking.utilities.ReadConfig.getEdgepath(ReadConfig.java:49)
at com.inetBanking.utilities.ReadConfig.getEdgepath(ReadConfig.java:49)
at com.inetBanking.utilities.ReadConfig.getEdgepath(ReadConfig.java:49)
at com.inetBanking.utilities.ReadConfig.getEdgepath(ReadConfig.java:49)
at com.inetBanking.utilities.ReadConfig.getEdgepath(ReadConfig.java:49)
at com.inetBanking.utilities.ReadConfig.getEdgepath(ReadConfig.java:49)
at com.inetBanking.utilities.ReadConfig.getEdgepath(ReadConfig.java:49)
at com.inetBanking.utilities.ReadConfig.getEdgepath(ReadConfig.java:49)
at com.inetBanking.utilities.ReadConfig.getEdgepath(ReadConfig.java:49)
at com.inetBanking.utilities.ReadConfig.getEdgepath(ReadConfig.java:49)
at com.inetBanking.utilities.ReadConfig.getEdgepath(ReadConfig.java:49)
at com.inetBanking.utilities.ReadConfig.getEdgepath(ReadConfig.java:49)
at com.inetBanking.utilities.ReadConfig.getEdgepath(ReadConfig.java:49)
at com.inetBanking.utilities.ReadConfig.getEdgepath(ReadConfig.java:49)
at com.inetBanking.utilities.ReadConfig.getEdgepath(ReadConfig.java:49)
at com.inetBanking.utilities.ReadConfig.getEdgepath(ReadConfig.java:49)
at com.inetBanking.utilities.ReadConfig.getEdgepath(ReadConfig.java:49)
at com.inetBanking.utilities.ReadConfig.getEdgepath(ReadConfig.java:49)
at com.inetBanking.utilities.ReadConfig.getEdgepath(ReadConfig.java:49)
at com.inetBanking.utilities.ReadConfig.getEdgepath(ReadConfig.java:49)
at com.inetBanking.utilities.ReadConfig.getEdgepath(ReadConfig.java:49)
at com.inetBanking.utilities.ReadConfig.getEdgepath(ReadConfig.java:49)
at com.inetBanking.utilities.ReadConfig.getEdgepath(ReadConfig.java:49)
at com.inetBanking.utilities.ReadConfig.getEdgepath(ReadConfig.java:49)
at com.inetBanking.utilities.ReadConfig.getEdgepath(ReadConfig.java:49)
at com.inetBanking.utilities.ReadConfig.getEdgepath(ReadConfig.java:49)
at com.inetBanking.utilities.ReadConfig.getEdgepath(ReadConfig.java:49)
at com.inetBanking.utilities.ReadConfig.getEdgepath(ReadConfig.java:49)
at com.inetBanking.utilities.ReadConfig.getEdgepath(ReadConfig.java:49)
at com.inetBanking.utilities.ReadConfig.getEdgepath(ReadConfig.java:49)
at com.inetBanking.utilities.ReadConfig.getEdgepath(ReadConfig.java:49)
at com.inetBanking.utilities.ReadConfig.getEdgepath(ReadConfig.java:49)
at com.inetBanking.utilities.ReadConfig.getEdgepath(ReadConfig.java:49)
at com.inetBanking.utilities.ReadConfig.getEdgepath(ReadConfig.java:49)
at com.inetBanking.utilities.ReadConfig.getEdgepath(ReadConfig.java:49)
at com.inetBanking.utilities.ReadConfig.getEdgepath(ReadConfig.java:49)
at com.inetBanking.utilities.ReadConfig.getEdgepath(ReadConfig.java:49)
at com.inetBanking.utilities.ReadConfig.getEdgepath(ReadConfig.java:49)
at com.inetBanking.utilities.ReadConfig.getEdgepath(ReadConfig.java:49)
at com.inetBanking.utilities.ReadConfig.getEdgepath(ReadConfig.java:49)
at com.inetBanking.utilities.ReadConfig.getEdgepath(ReadConfig.java:49)
at com.inetBanking.utilities.ReadConfig.getEdgepath(ReadConfig.java:49)
at com.inetBanking.utilities.ReadConfig.getEdgepath(ReadConfig.java:49)
at com.inetBanking.utilities.ReadConfig.getEdgepath(ReadConfig.java:49)
at com.inetBanking.utilities.ReadConfig.getEdgepath(ReadConfig.java:49)
at com.inetBanking.utilities.ReadConfig.getEdgepath(ReadConfig.java:49)
at com.inetBanking.utilities.ReadConfig.getEdgepath(ReadConfig.java:49)
at com.inetBanking.utilities.ReadConfig.getEdgepath(ReadConfig.java:49)
at com.inetBanking.utilities.ReadConfig.getEdgepath(ReadConfig.java:49)
at com.inetBanking.utilities.ReadConfig.getEdgepath(ReadConfig.java:49)
at com.inetBanking.utilities.ReadConfig.getEdgepath(ReadConfig.java:49)
at com.inetBanking.utilities.ReadConfig.getEdgepath(ReadConfig.java:49)
at com.inetBanking.utilities.ReadConfig.getEdgepath(ReadConfig.java:49)
at com.inetBanking.utilities.ReadConfig.getEdgepath(ReadConfig.java:49)
at com.inetBanking.utilities.ReadConfig.getEdgepath(ReadConfig.java:49)
at com.inetBanking.utilities.ReadConfig.getEdgepath(ReadConfig.java:49)
at com.inetBanking.utilities.ReadConfig.getEdgepath(ReadConfig.java:49)
at com.inetBanking.utilities.ReadConfig.getEdgepath(ReadConfig.java:49)
at com.inetBanking.utilities.ReadConfig.getEdgepath(ReadConfig.java:49)
at com.inetBanking.utilities.ReadConfig.getEdgepath(ReadConfig.java:49)
at com.inetBanking.utilities.ReadConfig.getEdgepath(ReadConfig.java:49)
at com.inetBanking.utilities.ReadConfig.getEdgepath(ReadConfig.java:49)
at com.inetBanking.utilities.ReadConfig.getEdgepath(ReadConfig.java:49)
at com.inetBanking.utilities.ReadConfig.getEdgepath(ReadConfig.java:49)
at com.inetBanking.utilities.ReadConfig.getEdgepath(ReadConfig.java:49)
at com.inetBanking.utilities.ReadConfig.getEdgepath(ReadConfig.java:49)
at com.inetBanking.utilities.ReadConfig.getEdgepath(ReadConfig.java:49)
at com.inetBanking.utilities.ReadConfig.getEdgepath(ReadConfig.java:49)
at com.inetBanking.utilities.ReadConfig.getEdgepath(ReadConfig.java:49)
at com.inetBanking.utilities.ReadConfig.getEdgepath(ReadConfig.java:49)
at com.inetBanking.utilities.ReadConfig.getEdgepath(ReadConfig.java:49)
at com.inetBanking.utilities.ReadConfig.getEdgepath(ReadConfig.java:49)
at com.inetBanking.utilities.ReadConfig.getEdgepath(ReadConfig.java:49)
at com.inetBanking.utilities.ReadConfig.getEdgepath(ReadConfig.java:49)
at com.inetBanking.utilities.ReadConfig.getEdgepath(ReadConfig.java:49)
at com.inetBanking.utilities.ReadConfig.getEdgepath(ReadConfig.java:49)
at com.inetBanking.utilities.ReadConfig.getEdgepath(ReadConfig.java:49)
at com.inetBanking.utilities.ReadConfig.getEdgepath(ReadConfig.java:49)
at com.inetBanking.utilities.ReadConfig.getEdgepath(ReadConfig.java:49)
at com.inetBanking.utilities.ReadConfig.getEdgepath(ReadConfig.java:49)
at com.inetBanking.utilities.ReadConfig.getEdgepath(ReadConfig.java:49)
at com.inetBanking.utilities.ReadConfig.getEdgepath(ReadConfig.java:49)
at com.inetBanking.utilities.ReadConfig.getEdgepath(ReadConfig.java:49)
at com.inetBanking.utilities.ReadConfig.getEdgepath(ReadConfig.java:49)
at com.inetBanking.utilities.ReadConfig.getEdgepath(ReadConfig.java:49)
at com.inetBanking.utilities.ReadConfig.getEdgepath(ReadConfig.java:49)
at com.inetBanking.utilities.ReadConfig.getEdgepath(ReadConfig.java:49)
at com.inetBanking.utilities.ReadConfig.getEdgepath(ReadConfig.java:49)
at com.inetBanking.utilities.ReadConfig.getEdgepath(ReadConfig.java:49)
at com.inetBanking.utilities.ReadConfig.getEdgepath(ReadConfig.java:49)
at com.inetBanking.utilities.ReadConfig.getEdgepath(ReadConfig.java:49)
at com.inetBanking.utilities.ReadConfig.getEdgepath(ReadConfig.java:49)
at com.inetBanking.utilities.ReadConfig.getEdgepath(ReadConfig.java:49)
at com.inetBanking.utilities.ReadConfig.getEdgepath(ReadConfig.java:49)
at com.inetBanking.utilities.ReadConfig.getEdgepath(ReadConfig.java:49)
at com.inetBanking.utilities.ReadConfig.getEdgepath(ReadConfig.java:49)
at com.inetBanking.utilities.ReadConfig.getEdgepath(ReadConfig.java:49)
at com.inetBanking.utilities.ReadConfig.getEdgepath(ReadConfig.java:49)
at com.inetBanking.utilities.ReadConfig.getEdgepath(ReadConfig.java:49)
at com.inetBanking.utilities.ReadConfig.getEdgepath(ReadConfig.java:49)
at com.inetBanking.utilities.ReadConfig.getEdgepath(ReadConfig.java:49)
at com.inetBanking.utilities.ReadConfig.getEdgepath(ReadConfig.java:49)
at com.inetBanking.utilities.ReadConfig.getEdgepath(ReadConfig.java:49)
at com.inetBanking.utilities.ReadConfig.getEdgepath(ReadConfig.java:49)
at com.inetBanking.utilities.ReadConfig.getEdgepath(ReadConfig.java:49)
at com.inetBanking.utilities.ReadConfig.getEdgepath(ReadConfig.java:49)
at com.inetBanking.utilities.ReadConfig.getEdgepath(ReadConfig.java:49)
at com.inetBanking.utilities.ReadConfig.getEdgepath(ReadConfig.java:49)
at com.inetBanking.utilities.ReadConfig.getEdgepath(ReadConfig.java:49)
at com.inetBanking.utilities.ReadConfig.getEdgepath(ReadConfig.java:49)
at com.inetBanking.utilities.ReadConfig.getEdgepath(ReadConfig.java:49)
at com.inetBanking.utilities.ReadConfig.getEdgepath(ReadConfig.java:49)
at com.inetBanking.utilities.ReadConfig.getEdgepath(ReadConfig.java:49)
at com.inetBanking.utilities.ReadConfig.getEdgepath(ReadConfig.java:49)
at com.inetBanking.utilities.ReadConfig.getEdgepath(ReadConfig.java:49)
at com.inetBanking.utilities.ReadConfig.getEdgepath(ReadConfig.java:49)
at com.inetBanking.utilities.ReadConfig.getEdgepath(ReadConfig.java:49)
at com.inetBanking.utilities.ReadConfig.getEdgepath(ReadConfig.java:49)
at com.inetBanking.utilities.ReadConfig.getEdgepath(ReadConfig.java:49)
at com.inetBanking.utilities.ReadConfig.getEdgepath(ReadConfig.java:49)
at com.inetBanking.utilities.ReadConfig.getEdgepath(ReadConfig.java:49)
at com.inetBanking.utilities.ReadConfig.getEdgepath(ReadConfig.java:49)
at com.inetBanking.utilities.ReadConfig.getEdgepath(ReadConfig.java:49)
at com.inetBanking.utilities.ReadConfig.getEdgepath(ReadConfig.java:49)
at com.inetBanking.utilities.ReadConfig.getEdgepath(ReadConfig.java:49)
at com.inetBanking.utilities.ReadConfig.getEdgepath(ReadConfig.java:49)
at com.inetBanking.utilities.ReadConfig.getEdgepath(ReadConfig.java:49)
at com.inetBanking.utilities.ReadConfig.getEdgepath(ReadConfig.java:49)
at com.inetBanking.utilities.ReadConfig.getEdgepath(ReadConfig.java:49)
at com.inetBanking.utilities.ReadConfig.getEdgepath(ReadConfig.java:49)
at com.inetBanking.utilities.ReadConfig.getEdgepath(ReadConfig.java:49)
at com.inetBanking.utilities.ReadConfig.getEdgepath(ReadConfig.java:49)
at com.inetBanking.utilities.ReadConfig.getEdgepath(ReadConfig.java:49)
at com.inetBanking.utilities.ReadConfig.getEdgepath(ReadConfig.java:49)
at com.inetBanking.utilities.ReadConfig.getEdgepath(ReadConfig.java:49)
at com.inetBanking.utilities.ReadConfig.getEdgepath(ReadConfig.java:49)
at com.inetBanking.utilities.ReadConfig.getEdgepath(ReadConfig.java:49)
at com.inetBanking.utilities.ReadConfig.getEdgepath(ReadConfig.java:49)
at com.inetBanking.utilities.ReadConfig.getEdgepath(ReadConfig.java:49)
at com.inetBanking.utilities.ReadConfig.getEdgepath(ReadConfig.java:49)
at com.inetBanking.utilities.ReadConfig.getEdgepath(ReadConfig.java:49)
at com.inetBanking.utilities.ReadConfig.getEdgepath(ReadConfig.java:49)
at com.inetBanking.utilities.ReadConfig.getEdgepath(ReadConfig.java:49)
at com.inetBanking.utilities.ReadConfig.getEdgepath(ReadConfig.java:49)
at com.inetBanking.utilities.ReadConfig.getEdgepath(ReadConfig.java:49)
at com.inetBanking.utilities.ReadConfig.getEdgepath(ReadConfig.java:49)
at com.inetBanking.utilities.ReadConfig.getEdgepath(ReadConfig.java:49)
at com.inetBanking.utilities.ReadConfig.getEdgepath(ReadConfig.java:49)
at com.inetBanking.utilities.ReadConfig.getEdgepath(ReadConfig.java:49)
at com.inetBanking.utilities.ReadConfig.getEdgepath(ReadConfig.java:49)
at com.inetBanking.utilities.ReadConfig.getEdgepath(ReadConfig.java:49)
at com.inetBanking.utilities.ReadConfig.getEdgepath(ReadConfig.java:49)
at com.inetBanking.utilities.ReadConfig.getEdgepath(ReadConfig.java:49)
at com.inetBanking.utilities.ReadConfig.getEdgepath(ReadConfig.java:49)
at com.inetBanking.utilities.ReadConfig.getEdgepath(ReadConfig.java:49)
at com.inetBanking.utilities.ReadConfig.getEdgepath(ReadConfig.java:49)
at com.inetBanking.utilities.ReadConfig.getEdgepath(ReadConfig.java:49)
at com.inetBanking.utilities.ReadConfig.getEdgepath(ReadConfig.java:49)
at com.inetBanking.utilities.ReadConfig.getEdgepath(ReadConfig.java:49)
at com.inetBanking.utilities.ReadConfig.getEdgepath(ReadConfig.java:49)
at com.inetBanking.utilities.ReadConfig.getEdgepath(ReadConfig.java:49)
at com.inetBanking.utilities.ReadConfig.getEdgepath(ReadConfig.java:49)
at com.inetBanking.utilities.ReadConfig.getEdgepath(ReadConfig.java:49)
at com.inetBanking.utilities.ReadConfig.getEdgepath(ReadConfig.java:49)
at com.inetBanking.utilities.ReadConfig.getEdgepath(ReadConfig.java:49)
at com.inetBanking.utilities.ReadConfig.getEdgepath(ReadConfig.java:49)
at com.inetBanking.utilities.ReadConfig.getEdgepath(ReadConfig.java:49)
at com.inetBanking.utilities.ReadConfig.getEdgepath(ReadConfig.java:49)
at com.inetBanking.utilities.ReadConfig.getEdgepath(ReadConfig.java:49)
at com.inetBanking.utilities.ReadConfig.getEdgepath(ReadConfig.java:49)
at com.inetBanking.utilities.ReadConfig.getEdgepath(ReadConfig.java:49)
at com.inetBanking.utilities.ReadConfig.getEdgepath(ReadConfig.java:49)
at com.inetBanking.utilities.ReadConfig.getEdgepath(ReadConfig.java:49)
at com.inetBanking.utilities.ReadConfig.getEdgepath(ReadConfig.java:49)
at com.inetBanking.utilities.ReadConfig.getEdgepath(ReadConfig.java:49)
at com.inetBanking.utilities.ReadConfig.getEdgepath(ReadConfig.java:49)
at com.inetBanking.utilities.ReadConfig.getEdgepath(ReadConfig.java:49)
at com.inetBanking.utilities.ReadConfig.getEdgepath(ReadConfig.java:49)
at com.inetBanking.utilities.ReadConfig.getEdgepath(ReadConfig.java:49)
at com.inetBanking.utilities.ReadConfig.getEdgepath(ReadConfig.java:49)
at com.inetBanking.utilities.ReadConfig.getEdgepath(ReadConfig.java:49)
at com.inetBanking.utilities.ReadConfig.getEdgepath(ReadConfig.java:49)
at com.inetBanking.utilities.ReadConfig.getEdgepath(ReadConfig.java:49)
at com.inetBanking.utilities.ReadConfig.getEdgepath(ReadConfig.java:49)
at com.inetBanking.utilities.ReadConfig.getEdgepath(ReadConfig.java:49)
at com.inetBanking.utilities.ReadConfig.getEdgepath(ReadConfig.java:49)
at com.inetBanking.utilities.ReadConfig.getEdgepath(ReadConfig.java:49)
at com.inetBanking.utilities.ReadConfig.getEdgepath(ReadConfig.java:49)
at com.inetBanking.utilities.ReadConfig.getEdgepath(ReadConfig.java:49)
at com.inetBanking.utilities.ReadConfig.getEdgepath(ReadConfig.java:49)
at com.inetBanking.utilities.ReadConfig.getEdgepath(ReadConfig.java:49)
at com.inetBanking.utilities.ReadConfig.getEdgepath(ReadConfig.java:49)
at com.inetBanking.utilities.ReadConfig.getEdgepath(ReadConfig.java:49)
at com.inetBanking.utilities.ReadConfig.getEdgepath(ReadConfig.java:49)
at com.inetBanking.utilities.ReadConfig.getEdgepath(ReadConfig.java:49)
at com.inetBanking.utilities.ReadConfig.getEdgepath(ReadConfig.java:49)
at com.inetBanking.utilities.ReadConfig.getEdgepath(ReadConfig.java:49)
at com.inetBanking.utilities.ReadConfig.getEdgepath(ReadConfig.java:49)
at com.inetBanking.utilities.ReadConfig.getEdgepath(ReadConfig.java:49)
at com.inetBanking.utilities.ReadConfig.getEdgepath(ReadConfig.java:49)
at com.inetBanking.utilities.ReadConfig.getEdgepath(ReadConfig.java:49)
at com.inetBanking.utilities.ReadConfig.getEdgepath(ReadConfig.java:49)
at com.inetBanking.utilities.ReadConfig.getEdgepath(ReadConfig.java:49)
at com.inetBanking.utilities.ReadConfig.getEdgepath(ReadConfig.java:49)
at com.inetBanking.utilities.ReadConfig.getEdgepath(ReadConfig.java:49)
at com.inetBanking.utilities.ReadConfig.getEdgepath(ReadConfig.java:49)
at com.inetBanking.utilities.ReadConfig.getEdgepath(ReadConfig.java:49)
at com.inetBanking.utilities.ReadConfig.getEdgepath(ReadConfig.java:49)
at com.inetBanking.utilities.ReadConfig.getEdgepath(ReadConfig.java:49)
at com.inetBanking.utilities.ReadConfig.getEdgepath(ReadConfig.java:49)
at com.inetBanking.utilities.ReadConfig.getEdgepath(ReadConfig.java:49)
at com.inetBanking.utilities.ReadConfig.getEdgepath(ReadConfig.java:49)
at com.inetBanking.utilities.ReadConfig.getEdgepath(ReadConfig.java:49)
at com.inetBanking.utilities.ReadConfig.getEdgepath(ReadConfig.java:49)
at com.inetBanking.utilities.ReadConfig.getEdgepath(ReadConfig.java:49)
at com.inetBanking.utilities.ReadConfig.getEdgepath(ReadConfig.java:49)
at com.inetBanking.utilities.ReadConfig.getEdgepath(ReadConfig.java:49)
at com.inetBanking.utilities.ReadConfig.getEdgepath(ReadConfig.java:49)
at com.inetBanking.utilities.ReadConfig.getEdgepath(ReadConfig.java:49)
at com.inetBanking.utilities.ReadConfig.getEdgepath(ReadConfig.java:49)
at com.inetBanking.utilities.ReadConfig.getEdgepath(ReadConfig.java:49)
at com.inetBanking.utilities.ReadConfig.getEdgepath(ReadConfig.java:49)
at com.inetBanking.utilities.ReadConfig.getEdgepath(ReadConfig.java:49)
at com.inetBanking.utilities.ReadConfig.getEdgepath(ReadConfig.java:49)
at com.inetBanking.utilities.ReadConfig.getEdgepath(ReadConfig.java:49)
at com.inetBanking.utilities.ReadConfig.getEdgepath(ReadConfig.java:49)
at com.inetBanking.utilities.ReadConfig.getEdgepath(ReadConfig.java:49)
at com.inetBanking.utilities.ReadConfig.getEdgepath(ReadConfig.java:49)
at com.inetBanking.utilities.ReadConfig.getEdgepath(ReadConfig.java:49)
at com.inetBanking.utilities.ReadConfig.getEdgepath(ReadConfig.java:49)
at com.inetBanking.utilities.ReadConfig.getEdgepath(ReadConfig.java:49)
at com.inetBanking.utilities.ReadConfig.getEdgepath(ReadConfig.java:49)
at com.inetBanking.utilities.ReadConfig.getEdgepath(ReadConfig.java:49)
at com.inetBanking.utilities.ReadConfig.getEdgepath(ReadConfig.java:49)
at com.inetBanking.utilities.ReadConfig.getEdgepath(ReadConfig.java:49)
at com.inetBanking.utilities.ReadConfig.getEdgepath(ReadConfig.java:49)
at com.inetBanking.utilities.ReadConfig.getEdgepath(ReadConfig.java:49)
at com.inetBanking.utilities.ReadConfig.getEdgepath(ReadConfig.java:49)
at com.inetBanking.utilities.ReadConfig.getEdgepath(ReadConfig.java:49)
at com.inetBanking.utilities.ReadConfig.getEdgepath(ReadConfig.java:49)
at com.inetBanking.utilities.ReadConfig.getEdgepath(ReadConfig.java:49)
at com.inetBanking.utilities.ReadConfig.getEdgepath(ReadConfig.java:49)
at com.inetBanking.utilities.ReadConfig.getEdgepath(ReadConfig.java:49)
at com.inetBanking.utilities.ReadConfig.getEdgepath(ReadConfig.java:49)
at com.inetBanking.utilities.ReadConfig.getEdgepath(ReadConfig.java:49)
at com.inetBanking.utilities.ReadConfig.getEdgepath(ReadConfig.java:49)
at com.inetBanking.utilities.ReadConfig.getEdgepath(ReadConfig.java:49)
at com.inetBanking.utilities.ReadConfig.getEdgepath(ReadConfig.java:49)
at com.inetBanking.utilities.ReadConfig.getEdgepath(ReadConfig.java:49)
at com.inetBanking.utilities.ReadConfig.getEdgepath(ReadConfig.java:49)
at com.inetBanking.utilities.ReadConfig.getEdgepath(ReadConfig.java:49)
at com.inetBanking.utilities.ReadConfig.getEdgepath(ReadConfig.java:49)
at com.inetBanking.utilities.ReadConfig.getEdgepath(ReadConfig.java:49)
at com.inetBanking.utilities.ReadConfig.getEdgepath(ReadConfig.java:49)
at com.inetBanking.utilities.ReadConfig.getEdgepath(ReadConfig.java:49)
at com.inetBanking.utilities.ReadConfig.getEdgepath(ReadConfig.java:49)
at com.inetBanking.utilities.ReadConfig.getEdgepath(ReadConfig.java:49)
at com.inetBanking.utilities.ReadConfig.getEdgepath(ReadConfig.java:49)
at com.inetBanking.utilities.ReadConfig.getEdgepath(ReadConfig.java:49)
at com.inetBanking.utilities.ReadConfig.getEdgepath(ReadConfig.java:49)
at com.inetBanking.utilities.ReadConfig.getEdgepath(ReadConfig.java:49)
at com.inetBanking.utilities.ReadConfig.getEdgepath(ReadConfig.java:49)
at com.inetBanking.utilities.ReadConfig.getEdgepath(ReadConfig.java:49)
at com.inetBanking.utilities.ReadConfig.getEdgepath(ReadConfig.java:49)
at com.inetBanking.utilities.ReadConfig.getEdgepath(ReadConfig.java:49)
at com.inetBanking.utilities.ReadConfig.getEdgepath(ReadConfig.java:49)
at com.inetBanking.utilities.ReadConfig.getEdgepath(ReadConfig.java:49)
at com.inetBanking.utilities.ReadConfig.getEdgepath(ReadConfig.java:49)
at com.inetBanking.utilities.ReadConfig.getEdgepath(ReadConfig.java:49)
at com.inetBanking.utilities.ReadConfig.getEdgepath(ReadConfig.java:49)
at com.inetBanking.utilities.ReadConfig.getEdgepath(ReadConfig.java:49)
at com.inetBanking.utilities.ReadConfig.getEdgepath(ReadConfig.java:49)
at com.inetBanking.utilities.ReadConfig.getEdgepath(ReadConfig.java:49)
at com.inetBanking.utilities.ReadConfig.getEdgepath(ReadConfig.java:49)
at com.inetBanking.utilities.ReadConfig.getEdgepath(ReadConfig.java:49)
at com.inetBanking.utilities.ReadConfig.getEdgepath(ReadConfig.java:49)
at com.inetBanking.utilities.ReadConfig.getEdgepath(ReadConfig.java:49)
at com.inetBanking.utilities.ReadConfig.getEdgepath(ReadConfig.java:49)
at com.inetBanking.utilities.ReadConfig.getEdgepath(ReadConfig.java:49)
at com.inetBanking.utilities.ReadConfig.getEdgepath(ReadConfig.java:49)
at com.inetBanking.utilities.ReadConfig.getEdgepath(ReadConfig.java:49)
at com.inetBanking.utilities.ReadConfig.getEdgepath(ReadConfig.java:49)
at com.inetBanking.utilities.ReadConfig.getEdgepath(ReadConfig.java:49)
at com.inetBanking.utilities.ReadConfig.getEdgepath(ReadConfig.java:49)
at com.inetBanking.utilities.ReadConfig.getEdgepath(ReadConfig.java:49)
at com.inetBanking.utilities.ReadConfig.getEdgepath(ReadConfig.java:49)
at com.inetBanking.utilities.ReadConfig.getEdgepath(ReadConfig.java:49)
at com.inetBanking.utilities.ReadConfig.getEdgepath(ReadConfig.java:49)
at com.inetBanking.utilities.ReadConfig.getEdgepath(ReadConfig.java:49)
at com.inetBanking.utilities.ReadConfig.getEdgepath(ReadConfig.java:49)
at com.inetBanking.utilities.ReadConfig.getEdgepath(ReadConfig.java:49)
at com.inetBanking.utilities.ReadConfig.getEdgepath(ReadConfig.java:49)
at com.inetBanking.utilities.ReadConfig.getEdgepath(ReadConfig.java:49)
at com.inetBanking.utilities.ReadConfig.getEdgepath(ReadConfig.java:49)
at com.inetBanking.utilities.ReadConfig.getEdgepath(ReadConfig.java:49)
at com.inetBanking.utilities.ReadConfig.getEdgepath(ReadConfig.java:49)
at com.inetBanking.utilities.ReadConfig.getEdgepath(ReadConfig.java:49)
at com.inetBanking.utilities.ReadConfig.getEdgepath(ReadConfig.java:49)
at com.inetBanking.utilities.ReadConfig.getEdgepath(ReadConfig.java:49)
at com.inetBanking.utilities.ReadConfig.getEdgepath(ReadConfig.java:49)
at com.inetBanking.utilities.ReadConfig.getEdgepath(ReadConfig.java:49)
at com.inetBanking.utilities.ReadConfig.getEdgepath(ReadConfig.java:49)
at com.inetBanking.utilities.ReadConfig.getEdgepath(ReadConfig.java:49)
at com.inetBanking.utilities.ReadConfig.getEdgepath(ReadConfig.java:49)
at com.inetBanking.utilities.ReadConfig.getEdgepath(ReadConfig.java:49)
at com.inetBanking.utilities.ReadConfig.getEdgepath(ReadConfig.java:49)
at com.inetBanking.utilities.ReadConfig.getEdgepath(ReadConfig.java:49)
at com.inetBanking.utilities.ReadConfig.getEdgepath(ReadConfig.java:49)
at com.inetBanking.utilities.ReadConfig.getEdgepath(ReadConfig.java:49)
at com.inetBanking.utilities.ReadConfig.getEdgepath(ReadConfig.java:49)
at com.inetBanking.utilities.ReadConfig.getEdgepath(ReadConfig.java:49)
at com.inetBanking.utilities.ReadConfig.getEdgepath(ReadConfig.java:49)
at com.inetBanking.utilities.ReadConfig.getEdgepath(ReadConfig.java:49)
at com.inetBanking.utilities.ReadConfig.getEdgepath(ReadConfig.java:49)
at com.inetBanking.utilities.ReadConfig.getEdgepath(ReadConfig.java:49)
at com.inetBanking.utilities.ReadConfig.getEdgepath(ReadConfig.java:49)
at com.inetBanking.utilities.ReadConfig.getEdgepath(ReadConfig.java:49)
at com.inetBanking.utilities.ReadConfig.getEdgepath(ReadConfig.java:49)
at com.inetBanking.utilities.ReadConfig.getEdgepath(ReadConfig.java:49)
at com.inetBanking.utilities.ReadConfig.getEdgepath(ReadConfig.java:49)
at com.inetBanking.utilities.ReadConfig.getEdgepath(ReadConfig.java:49)
at com.inetBanking.utilities.ReadConfig.getEdgepath(ReadConfig.java:49)
at com.inetBanking.utilities.ReadConfig.getEdgepath(ReadConfig.java:49)
at com.inetBanking.utilities.ReadConfig.getEdgepath(ReadConfig.java:49)
at com.inetBanking.utilities.ReadConfig.getEdgepath(ReadConfig.java:49)
at com.inetBanking.utilities.ReadConfig.getEdgepath(ReadConfig.java:49)
at com.inetBanking.utilities.ReadConfig.getEdgepath(ReadConfig.java:49)
at com.inetBanking.utilities.ReadConfig.getEdgepath(ReadConfig.java:49)
at com.inetBanking.utilities.ReadConfig.getEdgepath(ReadConfig.java:49)
at com.inetBanking.utilities.ReadConfig.getEdgepath(ReadConfig.java:49)
at com.inetBanking.utilities.ReadConfig.getEdgepath(ReadConfig.java:49)
at com.inetBanking.utilities.ReadConfig.getEdgepath(ReadConfig.java:49)
at com.inetBanking.utilities.ReadConfig.getEdgepath(ReadConfig.java:49)
at com.inetBanking.utilities.ReadConfig.getEdgepath(ReadConfig.java:49)
at com.inetBanking.utilities.ReadConfig.getEdgepath(ReadConfig.java:49)
at com.inetBanking.utilities.ReadConfig.getEdgepath(ReadConfig.java:49)
at com.inetBanking.utilities.ReadConfig.getEdgepath(ReadConfig.java:49)
at com.inetBanking.utilities.ReadConfig.getEdgepath(ReadConfig.java:49)
at com.inetBanking.utilities.ReadConfig.getEdgepath(ReadConfig.java:49)
at com.inetBanking.utilities.ReadConfig.getEdgepath(ReadConfig.java:49)
at com.inetBanking.utilities.ReadConfig.getEdgepath(ReadConfig.java:49)
at com.inetBanking.utilities.ReadConfig.getEdgepath(ReadConfig.java:49)
at com.inetBanking.utilities.ReadConfig.getEdgepath(ReadConfig.java:49)
at com.inetBanking.utilities.ReadConfig.getEdgepath(ReadConfig.java:49)
at com.inetBanking.utilities.ReadConfig.getEdgepath(ReadConfig.java:49)
at com.inetBanking.utilities.ReadConfig.getEdgepath(ReadConfig.java:49)
at com.inetBanking.utilities.ReadConfig.getEdgepath(ReadConfig.java:49)
at com.inetBanking.utilities.ReadConfig.getEdgepath(ReadConfig.java:49)
at com.inetBanking.utilities.ReadConfig.getEdgepath(ReadConfig.java:49)
at com.inetBanking.utilities.ReadConfig.getEdgepath(ReadConfig.java:49)
at com.inetBanking.utilities.ReadConfig.getEdgepath(ReadConfig.java:49)
at com.inetBanking.utilities.ReadConfig.getEdgepath(ReadConfig.java:49)
at com.inetBanking.utilities.ReadConfig.getEdgepath(ReadConfig.java:49)
at com.inetBanking.utilities.ReadConfig.getEdgepath(ReadConfig.java:49)
at com.inetBanking.utilities.ReadConfig.getEdgepath(ReadConfig.java:49)
at com.inetBanking.utilities.ReadConfig.getEdgepath(ReadConfig.java:49)
at com.inetBanking.utilities.ReadConfig.getEdgepath(ReadConfig.java:49)
at com.inetBanking.utilities.ReadConfig.getEdgepath(ReadConfig.java:49)
at com.inetBanking.utilities.ReadConfig.getEdgepath(ReadConfig.java:49)
at com.inetBanking.utilities.ReadConfig.getEdgepath(ReadConfig.java:49)
at com.inetBanking.utilities.ReadConfig.getEdgepath(ReadConfig.java:49)
at com.inetBanking.utilities.ReadConfig.getEdgepath(ReadConfig.java:49)
at com.inetBanking.utilities.ReadConfig.getEdgepath(ReadConfig.java:49)
at com.inetBanking.utilities.ReadConfig.getEdgepath(ReadConfig.java:49)
at com.inetBanking.utilities.ReadConfig.getEdgepath(ReadConfig.java:49)
at com.inetBanking.utilities.ReadConfig.getEdgepath(ReadConfig.java:49)
at com.inetBanking.utilities.ReadConfig.getEdgepath(ReadConfig.java:49)
at com.inetBanking.utilities.ReadConfig.getEdgepath(ReadConfig.java:49)
at com.inetBanking.utilities.ReadConfig.getEdgepath(ReadConfig.java:49)
at com.inetBanking.utilities.ReadConfig.getEdgepath(ReadConfig.java:49)
at com.inetBanking.utilities.ReadConfig.getEdgepath(ReadConfig.java:49)
at com.inetBanking.utilities.ReadConfig.getEdgepath(ReadConfig.java:49)
at com.inetBanking.utilities.ReadConfig.getEdgepath(ReadConfig.java:49)
at com.inetBanking.utilities.ReadConfig.getEdgepath(ReadConfig.java:49)
at com.inetBanking.utilities.ReadConfig.getEdgepath(ReadConfig.java:49)
at com.inetBanking.utilities.ReadConfig.getEdgepath(ReadConfig.java:49)
at com.inetBanking.utilities.ReadConfig.getEdgepath(ReadConfig.java:49)
at com.inetBanking.utilities.ReadConfig.getEdgepath(ReadConfig.java:49)
at com.inetBanking.utilities.ReadConfig.getEdgepath(ReadConfig.java:49)
at com.inetBanking.utilities.ReadConfig.getEdgepath(ReadConfig.java:49)
at com.inetBanking.utilities.ReadConfig.getEdgepath(ReadConfig.java:49)
at com.inetBanking.utilities.ReadConfig.getEdgepath(ReadConfig.java:49)
at com.inetBanking.utilities.ReadConfig.getEdgepath(ReadConfig.java:49)
at com.inetBanking.utilities.ReadConfig.getEdgepath(ReadConfig.java:49)
at com.inetBanking.utilities.ReadConfig.getEdgepath(ReadConfig.java:49)
at com.inetBanking.utilities.ReadConfig.getEdgepath(ReadConfig.java:49)
at com.inetBanking.utilities.ReadConfig.getEdgepath(ReadConfig.java:49)
at com.inetBanking.utilities.ReadConfig.getEdgepath(ReadConfig.java:49)
at com.inetBanking.utilities.ReadConfig.getEdgepath(ReadConfig.java:49)
at com.inetBanking.utilities.ReadConfig.getEdgepath(ReadConfig.java:49)
at com.inetBanking.utilities.ReadConfig.getEdgepath(ReadConfig.java:49)
at com.inetBanking.utilities.ReadConfig.getEdgepath(ReadConfig.java:49)
at com.inetBanking.utilities.ReadConfig.getEdgepath(ReadConfig.java:49)
at com.inetBanking.utilities.ReadConfig.getEdgepath(ReadConfig.java:49)
at com.inetBanking.utilities.ReadConfig.getEdgepath(ReadConfig.java:49)
at com.inetBanking.utilities.ReadConfig.getEdgepath(ReadConfig.java:49)
at com.inetBanking.utilities.ReadConfig.getEdgepath(ReadConfig.java:49)
at com.inetBanking.utilities.ReadConfig.getEdgepath(ReadConfig.java:49)
at com.inetBanking.utilities.ReadConfig.getEdgepath(ReadConfig.java:49)
at com.inetBanking.utilities.ReadConfig.getEdgepath(ReadConfig.java:49)
at com.inetBanking.utilities.ReadConfig.getEdgepath(ReadConfig.java:49)
at com.inetBanking.utilities.ReadConfig.getEdgepath(ReadConfig.java:49)
at com.inetBanking.utilities.ReadConfig.getEdgepath(ReadConfig.java:49)
at com.inetBanking.utilities.ReadConfig.getEdgepath(ReadConfig.java:49)
at com.inetBanking.utilities.ReadConfig.getEdgepath(ReadConfig.java:49)
at com.inetBanking.utilities.ReadConfig.getEdgepath(ReadConfig.java:49)
at com.inetBanking.utilities.ReadConfig.getEdgepath(ReadConfig.java:49)
at com.inetBanking.utilities.ReadConfig.getEdgepath(ReadConfig.java:49)
at com.inetBanking.utilities.ReadConfig.getEdgepath(ReadConfig.java:49)
at com.inetBanking.utilities.ReadConfig.getEdgepath(ReadConfig.java:49)
at com.inetBanking.utilities.ReadConfig.getEdgepath(ReadConfig.java:49)
at com.inetBanking.utilities.ReadConfig.getEdgepath(ReadConfig.java:49)
at com.inetBanking.utilities.ReadConfig.getEdgepath(ReadConfig.java:49)
at com.inetBanking.utilities.ReadConfig.getEdgepath(ReadConfig.java:49)
at com.inetBanking.utilities.ReadConfig.getEdgepath(ReadConfig.java:49)
at com.inetBanking.utilities.ReadConfig.getEdgepath(ReadConfig.java:49)
at com.inetBanking.utilities.ReadConfig.getEdgepath(ReadConfig.java:49)
at com.inetBanking.utilities.ReadConfig.getEdgepath(ReadConfig.java:49)
at com.inetBanking.utilities.ReadConfig.getEdgepath(ReadConfig.java:49)
at com.inetBanking.utilities.ReadConfig.getEdgepath(ReadConfig.java:49)
at com.inetBanking.utilities.ReadConfig.getEdgepath(ReadConfig.java:49)
at com.inetBanking.utilities.ReadConfig.getEdgepath(ReadConfig.java:49)
at com.inetBanking.utilities.ReadConfig.getEdgepath(ReadConfig.java:49)
at com.inetBanking.utilities.ReadConfig.getEdgepath(ReadConfig.java:49)
at com.inetBanking.utilities.ReadConfig.getEdgepath(ReadConfig.java:49)
at com.inetBanking.utilities.ReadConfig.getEdgepath(ReadConfig.java:49)
at com.inetBanking.utilities.ReadConfig.getEdgepath(ReadConfig.java:49)
at com.inetBanking.utilities.ReadConfig.getEdgepath(ReadConfig.java:49)
at com.inetBanking.utilities.ReadConfig.getEdgepath(ReadConfig.java:49)
at com.inetBanking.utilities.ReadConfig.getEdgepath(ReadConfig.java:49)
at com.inetBanking.utilities.ReadConfig.getEdgepath(ReadConfig.java:49)
at com.inetBanking.utilities.ReadConfig.getEdgepath(ReadConfig.java:49)
at com.inetBanking.utilities.ReadConfig.getEdgepath(ReadConfig.java:49)
at com.inetBanking.utilities.ReadConfig.getEdgepath(ReadConfig.java:49)
at com.inetBanking.utilities.ReadConfig.getEdgepath(ReadConfig.java:49)
at com.inetBanking.utilities.ReadConfig.getEdgepath(ReadConfig.java:49)
at com.inetBanking.utilities.ReadConfig.getEdgepath(ReadConfig.java:49)
at com.inetBanking.utilities.ReadConfig.getEdgepath(ReadConfig.java:49)
at com.inetBanking.utilities.ReadConfig.getEdgepath(ReadConfig.java:49)
at com.inetBanking.utilities.ReadConfig.getEdgepath(ReadConfig.java:49)
at com.inetBanking.utilities.ReadConfig.getEdgepath(ReadConfig.java:49)
at com.inetBanking.utilities.ReadConfig.getEdgepath(ReadConfig.java:49)
at com.inetBanking.utilities.ReadConfig.getEdgepath(ReadConfig.java:49)
at com.inetBanking.utilities.ReadConfig.getEdgepath(ReadConfig.java:49)
at com.inetBanking.utilities.ReadConfig.getEdgepath(ReadConfig.java:49)
at com.inetBanking.utilities.ReadConfig.getEdgepath(ReadConfig.java:49)
at com.inetBanking.utilities.ReadConfig.getEdgepath(ReadConfig.java:49)
at com.inetBanking.utilities.ReadConfig.getEdgepath(ReadConfig.java:49)
at com.inetBanking.utilities.ReadConfig.getEdgepath(ReadConfig.java:49)
at com.inetBanking.utilities.ReadConfig.getEdgepath(ReadConfig.java:49)
at com.inetBanking.utilities.ReadConfig.getEdgepath(ReadConfig.java:49)
at com.inetBanking.utilities.ReadConfig.getEdgepath(ReadConfig.java:49)
at com.inetBanking.utilities.ReadConfig.getEdgepath(ReadConfig.java:49)
at com.inetBanking.utilities.ReadConfig.getEdgepath(ReadConfig.java:49)
at com.inetBanking.utilities.ReadConfig.getEdgepath(ReadConfig.java:49)
at com.inetBanking.utilities.ReadConfig.getEdgepath(ReadConfig.java:49)
at com.inetBanking.utilities.ReadConfig.getEdgepath(ReadConfig.java:49)
at com.inetBanking.utilities.ReadConfig.getEdgepath(ReadConfig.java:49)
at com.inetBanking.utilities.ReadConfig.getEdgepath(ReadConfig.java:49)
at com.inetBanking.utilities.ReadConfig.getEdgepath(ReadConfig.java:49)
at com.inetBanking.utilities.ReadConfig.getEdgepath(ReadConfig.java:49)
at com.inetBanking.utilities.ReadConfig.getEdgepath(ReadConfig.java:49)
at com.inetBanking.utilities.ReadConfig.getEdgepath(ReadConfig.java:49)
at com.inetBanking.utilities.ReadConfig.getEdgepath(ReadConfig.java:49)
at com.inetBanking.utilities.ReadConfig.getEdgepath(ReadConfig.java:49)
at com.inetBanking.utilities.ReadConfig.getEdgepath(ReadConfig.java:49)
at com.inetBanking.utilities.ReadConfig.getEdgepath(ReadConfig.java:49)
at com.inetBanking.utilities.ReadConfig.getEdgepath(ReadConfig.java:49)
at com.inetBanking.utilities.ReadConfig.getEdgepath(ReadConfig.java:49)
at com.inetBanking.utilities.ReadConfig.getEdgepath(ReadConfig.java:49)
at com.inetBanking.utilities.ReadConfig.getEdgepath(ReadConfig.java:49)
at com.inetBanking.utilities.ReadConfig.getEdgepath(ReadConfig.java:49)
at com.inetBanking.utilities.ReadConfig.getEdgepath(ReadConfig.java:49)
at com.inetBanking.utilities.ReadConfig.getEdgepath(ReadConfig.java:49)
at com.inetBanking.utilities.ReadConfig.getEdgepath(ReadConfig.java:49)
at com.inetBanking.utilities.ReadConfig.getEdgepath(ReadConfig.java:49)
at com.inetBanking.utilities.ReadConfig.getEdgepath(ReadConfig.java:49)
at com.inetBanking.utilities.ReadConfig.getEdgepath(ReadConfig.java:49)
at com.inetBanking.utilities.ReadConfig.getEdgepath(ReadConfig.java:49)
at com.inetBanking.utilities.ReadConfig.getEdgepath(ReadConfig.java:49)
at com.inetBanking.utilities.ReadConfig.getEdgepath(ReadConfig.java:49)
at com.inetBanking.utilities.ReadConfig.getEdgepath(ReadConfig.java:49)
at com.inetBanking.utilities.ReadConfig.getEdgepath(ReadConfig.java:49)
at com.inetBanking.utilities.ReadConfig.getEdgepath(ReadConfig.java:49)
at com.inetBanking.utilities.ReadConfig.getEdgepath(ReadConfig.java:49)
at com.inetBanking.utilities.ReadConfig.getEdgepath(ReadConfig.java:49)
at com.inetBanking.utilities.ReadConfig.getEdgepath(ReadConfig.java:49)
at com.inetBanking.utilities.ReadConfig.getEdgepath(ReadConfig.java:49)
at com.inetBanking.utilities.ReadConfig.getEdgepath(ReadConfig.java:49)
at com.inetBanking.utilities.ReadConfig.getEdgepath(ReadConfig.java:49)
at com.inetBanking.utilities.ReadConfig.getEdgepath(ReadConfig.java:49)
at com.inetBanking.utilities.ReadConfig.getEdgepath(ReadConfig.java:49)
at com.inetBanking.utilities.ReadConfig.getEdgepath(ReadConfig.java:49)
at com.inetBanking.utilities.ReadConfig.getEdgepath(ReadConfig.java:49)
at com.inetBanking.utilities.ReadConfig.getEdgepath(ReadConfig.java:49)
at com.inetBanking.utilities.ReadConfig.getEdgepath(ReadConfig.java:49)
at com.inetBanking.utilities.ReadConfig.getEdgepath(ReadConfig.java:49)
at com.inetBanking.utilities.ReadConfig.getEdgepath(ReadConfig.java:49)
at com.inetBanking.utilities.ReadConfig.getEdgepath(ReadConfig.java:49)
at com.inetBanking.utilities.ReadConfig.getEdgepath(ReadConfig.java:49)
at com.inetBanking.utilities.ReadConfig.getEdgepath(ReadConfig.java:49)
at com.inetBanking.utilities.ReadConfig.getEdgepath(ReadConfig.java:49)
at com.inetBanking.utilities.ReadConfig.getEdgepath(ReadConfig.java:49)
at com.inetBanking.utilities.ReadConfig.getEdgepath(ReadConfig.java:49)
at com.inetBanking.utilities.ReadConfig.getEdgepath(ReadConfig.java:49)
at com.inetBanking.utilities.ReadConfig.getEdgepath(ReadConfig.java:49)
at com.inetBanking.utilities.ReadConfig.getEdgepath(ReadConfig.java:49)
at com.inetBanking.utilities.ReadConfig.getEdgepath(ReadConfig.java:49)
at com.inetBanking.utilities.ReadConfig.getEdgepath(ReadConfig.java:49)
at com.inetBanking.utilities.ReadConfig.getEdgepath(ReadConfig.java:49)
at com.inetBanking.utilities.ReadConfig.getEdgepath(ReadConfig.java:49)
at com.inetBanking.utilities.ReadConfig.getEdgepath(ReadConfig.java:49)
at com.inetBanking.utilities.ReadConfig.getEdgepath(ReadConfig.java:49)
at com.inetBanking.utilities.ReadConfig.getEdgepath(ReadConfig.java:49)
at com.inetBanking.utilities.ReadConfig.getEdgepath(ReadConfig.java:49)
at com.inetBanking.utilities.ReadConfig.getEdgepath(ReadConfig.java:49)
at com.inetBanking.utilities.ReadConfig.getEdgepath(ReadConfig.java:49)
at com.inetBanking.utilities.ReadConfig.getEdgepath(ReadConfig.java:49)
at com.inetBanking.utilities.ReadConfig.getEdgepath(ReadConfig.java:49)
at com.inetBanking.utilities.ReadConfig.getEdgepath(ReadConfig.java:49)
at com.inetBanking.utilities.ReadConfig.getEdgepath(ReadConfig.java:49)
at com.inetBanking.utilities.ReadConfig.getEdgepath(ReadConfig.java:49)
at com.inetBanking.utilities.ReadConfig.getEdgepath(ReadConfig.java:49)
at com.inetBanking.utilities.ReadConfig.getEdgepath(ReadConfig.java:49)
at com.inetBanking.utilities.ReadConfig.getEdgepath(ReadConfig.java:49)
at com.inetBanking.utilities.ReadConfig.getEdgepath(ReadConfig.java:49)
at com.inetBanking.utilities.ReadConfig.getEdgepath(ReadConfig.java:49)
at com.inetBanking.utilities.ReadConfig.getEdgepath(ReadConfig.java:49)
at com.inetBanking.utilities.ReadConfig.getEdgepath(ReadConfig.java:49)
at com.inetBanking.utilities.ReadConfig.getEdgepath(ReadConfig.java:49)
at com.inetBanking.utilities.ReadConfig.getEdgepath(ReadConfig.java:49)
at com.inetBanking.utilities.ReadConfig.getEdgepath(ReadConfig.java:49)
at com.inetBanking.utilities.ReadConfig.getEdgepath(ReadConfig.java:49)
at com.inetBanking.utilities.ReadConfig.getEdgepath(ReadConfig.java:49)
at com.inetBanking.utilities.ReadConfig.getEdgepath(ReadConfig.java:49)
at com.inetBanking.utilities.ReadConfig.getEdgepath(ReadConfig.java:49)
at com.inetBanking.utilities.ReadConfig.getEdgepath(ReadConfig.java:49)
at com.inetBanking.utilities.ReadConfig.getEdgepath(ReadConfig.java:49)
at com.inetBanking.utilities.ReadConfig.getEdgepath(ReadConfig.java:49)
at com.inetBanking.utilities.ReadConfig.getEdgepath(ReadConfig.java:49)
at com.inetBanking.utilities.ReadConfig.getEdgepath(ReadConfig.java:49)
at com.inetBanking.utilities.ReadConfig.getEdgepath(ReadConfig.java:49)
at com.inetBanking.utilities.ReadConfig.getEdgepath(ReadConfig.java:49)
at com.inetBanking.utilities.ReadConfig.getEdgepath(ReadConfig.java:49)
at com.inetBanking.utilities.ReadConfig.getEdgepath(ReadConfig.java:49)
at com.inetBanking.utilities.ReadConfig.getEdgepath(ReadConfig.java:49)
at com.inetBanking.utilities.ReadConfig.getEdgepath(ReadConfig.java:49)
at com.inetBanking.utilities.ReadConfig.getEdgepath(ReadConfig.java:49)
at com.inetBanking.utilities.ReadConfig.getEdgepath(ReadConfig.java:49)
at com.inetBanking.utilities.ReadConfig.getEdgepath(ReadConfig.java:49)
at com.inetBanking.utilities.ReadConfig.getEdgepath(ReadConfig.java:49)
at com.inetBanking.utilities.ReadConfig.getEdgepath(ReadConfig.java:49)
at com.inetBanking.utilities.ReadConfig.getEdgepath(ReadConfig.java:49)
at com.inetBanking.utilities.ReadConfig.getEdgepath(ReadConfig.java:49)
at com.inetBanking.utilities.ReadConfig.getEdgepath(ReadConfig.java:49)
at com.inetBanking.utilities.ReadConfig.getEdgepath(ReadConfig.java:49)
at com.inetBanking.utilities.ReadConfig.getEdgepath(ReadConfig.java:49)
at com.inetBanking.utilities.ReadConfig.getEdgepath(ReadConfig.java:49)
at com.inetBanking.utilities.ReadConfig.getEdgepath(ReadConfig.java:49)
at com.inetBanking.utilities.ReadConfig.getEdgepath(ReadConfig.java:49)
at com.inetBanking.utilities.ReadConfig.getEdgepath(ReadConfig.java:49)
at com.inetBanking.utilities.ReadConfig.getEdgepath(ReadConfig.java:49)
at com.inetBanking.utilities.ReadConfig.getEdgepath(ReadConfig.java:49)
at com.inetBanking.utilities.ReadConfig.getEdgepath(ReadConfig.java:49)
at com.inetBanking.utilities.ReadConfig.getEdgepath(ReadConfig.java:49)
at com.inetBanking.utilities.ReadConfig.getEdgepath(ReadConfig.java:49)
at com.inetBanking.utilities.ReadConfig.getEdgepath(ReadConfig.java:49)
at com.inetBanking.utilities.ReadConfig.getEdgepath(ReadConfig.java:49)
at com.inetBanking.utilities.ReadConfig.getEdgepath(ReadConfig.java:49)
at com.inetBanking.utilities.ReadConfig.getEdgepath(ReadConfig.java:49)
at com.inetBanking.utilities.ReadConfig.getEdgepath(ReadConfig.java:49)
at com.inetBanking.utilities.ReadConfig.getEdgepath(ReadConfig.java:49)
at com.inetBanking.utilities.ReadConfig.getEdgepath(ReadConfig.java:49)
at com.inetBanking.utilities.ReadConfig.getEdgepath(ReadConfig.java:49)
at com.inetBanking.utilities.ReadConfig.getEdgepath(ReadConfig.java:49)
at com.inetBanking.utilities.ReadConfig.getEdgepath(ReadConfig.java:49)
at com.inetBanking.utilities.ReadConfig.getEdgepath(ReadConfig.java:49)
at com.inetBanking.utilities.ReadConfig.getEdgepath(ReadConfig.java:49)
at com.inetBanking.utilities.ReadConfig.getEdgepath(ReadConfig.java:49)
at com.inetBanking.utilities.ReadConfig.getEdgepath(ReadConfig.java:49)
at com.inetBanking.utilities.ReadConfig.getEdgepath(ReadConfig.java:49)
at com.inetBanking.utilities.ReadConfig.getEdgepath(ReadConfig.java:49)
at com.inetBanking.utilities.ReadConfig.getEdgepath(ReadConfig.java:49)
at com.inetBanking.utilities.ReadConfig.getEdgepath(ReadConfig.java:49)
at com.inetBanking.utilities.ReadConfig.getEdgepath(ReadConfig.java:49)
at com.inetBanking.utilities.ReadConfig.getEdgepath(ReadConfig.java:49)
at com.inetBanking.utilities.ReadConfig.getEdgepath(ReadConfig.java:49)
at com.inetBanking.utilities.ReadConfig.getEdgepath(ReadConfig.java:49)
at com.inetBanking.utilities.ReadConfig.getEdgepath(ReadConfig.java:49)
at com.inetBanking.utilities.ReadConfig.getEdgepath(ReadConfig.java:49)
at com.inetBanking.utilities.ReadConfig.getEdgepath(ReadConfig.java:49)
at com.inetBanking.utilities.ReadConfig.getEdgepath(ReadConfig.java:49)
at com.inetBanking.utilities.ReadConfig.getEdgepath(ReadConfig.java:49)
at com.inetBanking.utilities.ReadConfig.getEdgepath(ReadConfig.java:49)
at com.inetBanking.utilities.ReadConfig.getEdgepath(ReadConfig.java:49)
at com.inetBanking.utilities.ReadConfig.getEdgepath(ReadConfig.java:49)
at com.inetBanking.utilities.ReadConfig.getEdgepath(ReadConfig.java:49)
at com.inetBanking.utilities.ReadConfig.getEdgepath(ReadConfig.java:49)
at com.inetBanking.utilities.ReadConfig.getEdgepath(ReadConfig.java:49)
at com.inetBanking.utilities.ReadConfig.getEdgepath(ReadConfig.java:49)
at com.inetBanking.utilities.ReadConfig.getEdgepath(ReadConfig.java:49)
at com.inetBanking.utilities.ReadConfig.getEdgepath(ReadConfig.java:49)
at com.inetBanking.utilities.ReadConfig.getEdgepath(ReadConfig.java:49)
at com.inetBanking.utilities.ReadConfig.getEdgepath(ReadConfig.java:49)
at com.inetBanking.utilities.ReadConfig.getEdgepath(ReadConfig.java:49)
at com.inetBanking.utilities.ReadConfig.getEdgepath(ReadConfig.java:49)
at com.inetBanking.utilities.ReadConfig.getEdgepath(ReadConfig.java:49)
at com.inetBanking.utilities.ReadConfig.getEdgepath(ReadConfig.java:49)
at com.inetBanking.utilities.ReadConfig.getEdgepath(ReadConfig.java:49)
at com.inetBanking.utilities.ReadConfig.getEdgepath(ReadConfig.java:49)
at com.inetBanking.utilities.ReadConfig.getEdgepath(ReadConfig.java:49)
at com.inetBanking.utilities.ReadConfig.getEdgepath(ReadConfig.java:49)
at com.inetBanking.utilities.ReadConfig.getEdgepath(ReadConfig.java:49)
at com.inetBanking.utilities.ReadConfig.getEdgepath(ReadConfig.java:49)
at com.inetBanking.utilities.ReadConfig.getEdgepath(ReadConfig.java:49)
at com.inetBanking.utilities.ReadConfig.getEdgepath(ReadConfig.java:49)
at com.inetBanking.utilities.ReadConfig.getEdgepath(ReadConfig.java:49)
at com.inetBanking.utilities.ReadConfig.getEdgepath(ReadConfig.java:49)
at com.inetBanking.utilities.ReadConfig.getEdgepath(ReadConfig.java:49)
at com.inetBanking.utilities.ReadConfig.getEdgepath(ReadConfig.java:49)
at com.inetBanking.utilities.ReadConfig.getEdgepath(ReadConfig.java:49)
at com.inetBanking.utilities.ReadConfig.getEdgepath(ReadConfig.java:49)
at com.inetBanking.utilities.ReadConfig.getEdgepath(ReadConfig.java:49)
at com.inetBanking.utilities.ReadConfig.getEdgepath(ReadConfig.java:49)
at com.inetBanking.utilities.ReadConfig.getEdgepath(ReadConfig.java:49)
at com.inetBanking.utilities.ReadConfig.getEdgepath(ReadConfig.java:49)
at com.inetBanking.utilities.ReadConfig.getEdgepath(ReadConfig.java:49)
at com.inetBanking.utilities.ReadConfig.getEdgepath(ReadConfig.java:49)
at com.inetBanking.utilities.ReadConfig.getEdgepath(ReadConfig.java:49)
at com.inetBanking.utilities.ReadConfig.getEdgepath(ReadConfig.java:49)
at com.inetBanking.utilities.ReadConfig.getEdgepath(ReadConfig.java:49)
at com.inetBanking.utilities.ReadConfig.getEdgepath(ReadConfig.java:49)
at com.inetBanking.utilities.ReadConfig.getEdgepath(ReadConfig.java:49)
at com.inetBanking.utilities.ReadConfig.getEdgepath(ReadConfig.java:49)
at com.inetBanking.utilities.ReadConfig.getEdgepath(ReadConfig.java:49)
at com.inetBanking.utilities.ReadConfig.getEdgepath(ReadConfig.java:49)
at com.inetBanking.utilities.ReadConfig.getEdgepath(ReadConfig.java:49)
at com.inetBanking.utilities.ReadConfig.getEdgepath(ReadConfig.java:49)
at com.inetBanking.utilities.ReadConfig.getEdgepath(ReadConfig.java:49)
at com.inetBanking.utilities.ReadConfig.getEdgepath(ReadConfig.java:49)
at com.inetBanking.utilities.ReadConfig.getEdgepath(ReadConfig.java:49)
at com.inetBanking.utilities.ReadConfig.getEdgepath(ReadConfig.java:49)
at com.inetBanking.utilities.ReadConfig.getEdgepath(ReadConfig.java:49)
at com.inetBanking.utilities.ReadConfig.getEdgepath(ReadConfig.java:49)
at com.inetBanking.utilities.ReadConfig.getEdgepath(ReadConfig.java:49)
at com.inetBanking.utilities.ReadConfig.getEdgepath(ReadConfig.java:49)
at com.inetBanking.utilities.ReadConfig.getEdgepath(ReadConfig.java:49)
at com.inetBanking.utilities.ReadConfig.getEdgepath(ReadConfig.java:49)
at com.inetBanking.utilities.ReadConfig.getEdgepath(ReadConfig.java:49)
at com.inetBanking.utilities.ReadConfig.getEdgepath(ReadConfig.java:49)
at com.inetBanking.utilities.ReadConfig.getEdgepath(ReadConfig.java:49)
at com.inetBanking.utilities.ReadConfig.getEdgepath(ReadConfig.java:49)
at com.inetBanking.utilities.ReadConfig.getEdgepath(ReadConfig.java:49)
at com.inetBanking.utilities.ReadConfig.getEdgepath(ReadConfig.java:49)
at com.inetBanking.utilities.ReadConfig.getEdgepath(ReadConfig.java:49)
at com.inetBanking.utilities.ReadConfig.getEdgepath(ReadConfig.java:49)
at com.inetBanking.utilities.ReadConfig.getEdgepath(ReadConfig.java:49)
at com.inetBanking.utilities.ReadConfig.getEdgepath(ReadConfig.java:49)
at com.inetBanking.utilities.ReadConfig.getEdgepath(ReadConfig.java:49)
at com.inetBanking.utilities.ReadConfig.getEdgepath(ReadConfig.java:49)
at com.inetBanking.utilities.ReadConfig.getEdgepath(ReadConfig.java:49)
at com.inetBanking.utilities.ReadConfig.getEdgepath(ReadConfig.java:49)
at com.inetBanking.utilities.ReadConfig.getEdgepath(ReadConfig.java:49)
at com.inetBanking.utilities.ReadConfig.getEdgepath(ReadConfig.java:49)
at com.inetBanking.utilities.ReadConfig.getEdgepath(ReadConfig.java:49)
at com.inetBanking.utilities.ReadConfig.getEdgepath(ReadConfig.java:49)
at com.inetBanking.utilities.ReadConfig.getEdgepath(ReadConfig.java:49)
at com.inetBanking.utilities.ReadConfig.getEdgepath(ReadConfig.java:49)
at com.inetBanking.utilities.ReadConfig.getEdgepath(ReadConfig.java:49)
at com.inetBanking.utilities.ReadConfig.getEdgepath(ReadConfig.java:49)
at com.inetBanking.utilities.ReadConfig.getEdgepath(ReadConfig.java:49)
at com.inetBanking.utilities.ReadConfig.getEdgepath(ReadConfig.java:49)
at com.inetBanking.utilities.ReadConfig.getEdgepath(ReadConfig.java:49)
at com.inetBanking.utilities.ReadConfig.getEdgepath(ReadConfig.java:49)
at com.inetBanking.utilities.ReadConfig.getEdgepath(ReadConfig.java:49)
at com.inetBanking.utilities.ReadConfig.getEdgepath(ReadConfig.java:49)
at com.inetBanking.utilities.ReadConfig.getEdgepath(ReadConfig.java:49)
at com.inetBanking.utilities.ReadConfig.getEdgepath(ReadConfig.java:49)
at com.inetBanking.utilities.ReadConfig.getEdgepath(ReadConfig.java:49)
at com.inetBanking.utilities.ReadConfig.getEdgepath(ReadConfig.java:49)
at com.inetBanking.utilities.ReadConfig.getEdgepath(ReadConfig.java:49)
at com.inetBanking.utilities.ReadConfig.getEdgepath(ReadConfig.java:49)
at com.inetBanking.utilities.ReadConfig.getEdgepath(ReadConfig.java:49)
at com.inetBanking.utilities.ReadConfig.getEdgepath(ReadConfig.java:49)
at com.inetBanking.utilities.ReadConfig.getEdgepath(ReadConfig.java:49)
at com.inetBanking.utilities.ReadConfig.getEdgepath(ReadConfig.java:49)
at com.inetBanking.utilities.ReadConfig.getEdgepath(ReadConfig.java:49)
at com.inetBanking.utilities.ReadConfig.getEdgepath(ReadConfig.java:49)
at com.inetBanking.utilities.ReadConfig.getEdgepath(ReadConfig.java:49)
at com.inetBanking.utilities.ReadConfig.getEdgepath(ReadConfig.java:49)
at com.inetBanking.utilities.ReadConfig.getEdgepath(ReadConfig.java:49)
at com.inetBanking.utilities.ReadConfig.getEdgepath(ReadConfig.java:49)
at com.inetBanking.utilities.ReadConfig.getEdgepath(ReadConfig.java:49)
at com.inetBanking.utilities.ReadConfig.getEdgepath(ReadConfig.java:49)
at com.inetBanking.utilities.ReadConfig.getEdgepath(ReadConfig.java:49)
at com.inetBanking.utilities.ReadConfig.getEdgepath(ReadConfig.java:49)
at com.inetBanking.utilities.ReadConfig.getEdgepath(ReadConfig.java:49)
at com.inetBanking.utilities.ReadConfig.getEdgepath(ReadConfig.java:49)
at com.inetBanking.utilities.ReadConfig.getEdgepath(ReadConfig.java:49)
at com.inetBanking.utilities.ReadConfig.getEdgepath(ReadConfig.java:49)
at com.inetBanking.utilities.ReadConfig.getEdgepath(ReadConfig.java:49)
at com.inetBanking.utilities.ReadConfig.getEdgepath(ReadConfig.java:49)
at com.inetBanking.utilities.ReadConfig.getEdgepath(ReadConfig.java:49)
at com.inetBanking.utilities.ReadConfig.getEdgepath(ReadConfig.java:49)
at com.inetBanking.utilities.ReadConfig.getEdgepath(ReadConfig.java:49)
at com.inetBanking.utilities.ReadConfig.getEdgepath(ReadConfig.java:49)
at com.inetBanking.utilities.ReadConfig.getEdgepath(ReadConfig.java:49)
at com.inetBanking.utilities.ReadConfig.getEdgepath(ReadConfig.java:49)
at com.inetBanking.utilities.ReadConfig.getEdgepath(ReadConfig.java:49)
at com.inetBanking.utilities.ReadConfig.getEdgepath(ReadConfig.java:49)
at com.inetBanking.utilities.ReadConfig.getEdgepath(ReadConfig.java:49)
at com.inetBanking.utilities.ReadConfig.getEdgepath(ReadConfig.java:49)
at com.inetBanking.utilities.ReadConfig.getEdgepath(ReadConfig.java:49)
at com.inetBanking.utilities.ReadConfig.getEdgepath(ReadConfig.java:49)
at com.inetBanking.utilities.ReadConfig.getEdgepath(ReadConfig.java:49)
at com.inetBanking.utilities.ReadConfig.getEdgepath(ReadConfig.java:49)
at com.inetBanking.utilities.ReadConfig.getEdgepath(ReadConfig.java:49)
at com.inetBanking.utilities.ReadConfig.getEdgepath(ReadConfig.java:49)
at com.inetBanking.utilities.ReadConfig.getEdgepath(ReadConfig.java:49)
at com.inetBanking.utilities.ReadConfig.getEdgepath(ReadConfig.java:49)
at com.inetBanking.utilities.ReadConfig.getEdgepath(ReadConfig.java:49)
at com.inetBanking.utilities.ReadConfig.getEdgepath(ReadConfig.java:49)
at com.inetBanking.utilities.ReadConfig.getEdgepath(ReadConfig.java:49)
at com.inetBanking.utilities.ReadConfig.getEdgepath(ReadConfig.java:49)
at com.inetBanking.utilities.ReadConfig.getEdgepath(ReadConfig.java:49)
at com.inetBanking.utilities.ReadConfig.getEdgepath(ReadConfig.java:49)
at com.inetBanking.utilities.ReadConfig.getEdgepath(ReadConfig.java:49)
at com.inetBanking.utilities.ReadConfig.getEdgepath(ReadConfig.java:49)
at com.inetBanking.utilities.ReadConfig.getEdgepath(ReadConfig.java:49)
at com.inetBanking.utilities.ReadConfig.getEdgepath(ReadConfig.java:49)
at com.inetBanking.utilities.ReadConfig.getEdgepath(ReadConfig.java:49)
at com.inetBanking.utilities.ReadConfig.getEdgepath(ReadConfig.java:49)
at com.inetBanking.utilities.ReadConfig.getEdgepath(ReadConfig.java:49)
at com.inetBanking.utilities.ReadConfig.getEdgepath(ReadConfig.java:49)
at com.inetBanking.utilities.ReadConfig.getEdgepath(ReadConfig.java:49)
at com.inetBanking.utilities.ReadConfig.getEdgepath(ReadConfig.java:49)
at com.inetBanking.utilities.ReadConfig.getEdgepath(ReadConfig.java:49)
at com.inetBanking.utilities.ReadConfig.getEdgepath(ReadConfig.java:49)
at com.inetBanking.utilities.ReadConfig.getEdgepath(ReadConfig.java:49)
at com.inetBanking.utilities.ReadConfig.getEdgepath(ReadConfig.java:49)
at com.inetBanking.utilities.ReadConfig.getEdgepath(ReadConfig.java:49)
at com.inetBanking.utilities.ReadConfig.getEdgepath(ReadConfig.java:49)
at com.inetBanking.utilities.ReadConfig.getEdgepath(ReadConfig.java:49)
at com.inetBanking.utilities.ReadConfig.getEdgepath(ReadConfig.java:49)
at com.inetBanking.utilities.ReadConfig.getEdgepath(ReadConfig.java:49)
at com.inetBanking.utilities.ReadConfig.getEdgepath(ReadConfig.java:49)
at com.inetBanking.utilities.ReadConfig.getEdgepath(ReadConfig.java:49)
at com.inetBanking.utilities.ReadConfig.getEdgepath(ReadConfig.java:49)
at com.inetBanking.utilities.ReadConfig.getEdgepath(ReadConfig.java:49)
at com.inetBanking.utilities.ReadConfig.getEdgepath(ReadConfig.java:49)
at com.inetBanking.utilities.ReadConfig.getEdgepath(ReadConfig.java:49)
at com.inetBanking.utilities.ReadConfig.getEdgepath(ReadConfig.java:49)
at com.inetBanking.utilities.ReadConfig.getEdgepath(ReadConfig.java:49)
at com.inetBanking.utilities.ReadConfig.getEdgepath(ReadConfig.java:49)
at com.inetBanking.utilities.ReadConfig.getEdgepath(ReadConfig.java:49)
at com.inetBanking.utilities.ReadConfig.getEdgepath(ReadConfig.java:49)
at com.inetBanking.utilities.ReadConfig.getEdgepath(ReadConfig.java:49)
at com.inetBanking.utilities.ReadConfig.getEdgepath(ReadConfig.java:49)
at com.inetBanking.utilities.ReadConfig.getEdgepath(ReadConfig.java:49)
at com.inetBanking.utilities.ReadConfig.getEdgepath(ReadConfig.java:49)
at com.inetBanking.utilities.ReadConfig.getEdgepath(ReadConfig.java:49)
at com.inetBanking.utilities.ReadConfig.getEdgepath(ReadConfig.java:49)
]]>
    </failure>
  </testcase> <!-- @BeforeClass setup -->
  <testcase classname="com.inetBanking.testcases.BaseClass" name="@AfterClass tearDown" time="0.0">
    <skipped/>
  </testcase> <!-- @AfterClass tearDown -->
  <testcase classname="com.inetBanking.testcases.TC_LoginTest_001" name="loginTest" time="0.0">
    <skipped/>
  </testcase> <!-- loginTest -->
</testsuite> <!-- Banking -->
