<?xml version="1.0" encoding="UTF-8"?>
<testng-results ignored="0" total="4" passed="4" failed="0" skipped="0">
  <reporter-output>
  </reporter-output>
  <suite started-at="2024-04-01T15:55:31 IST" name="in etBankingv1" finished-at="2024-04-01T15:58:16 IST" duration-ms="164840">
    <groups>
    </groups>
    <test started-at="2024-04-01T15:55:31 IST" name="Banking App Test" finished-at="2024-04-01T15:58:16 IST" duration-ms="164840">
      <class name="com.inetBanking.testcases.TC_EditCustomer_004">
        <test-method is-config="true" signature="setup()[pri:0, instance:com.inetBanking.testcases.TC_EditCustomer_004@117159c0]" started-at="2024-04-01T15:56:38 IST" name="setup" finished-at="2024-04-01T15:57:01 IST" duration-ms="23312" status="PASS">
          <reporter-output>
          </reporter-output>
        </test-method> <!-- setup -->
        <test-method signature="editCustomer()[pri:0, instance:com.inetBanking.testcases.TC_EditCustomer_004@117159c0]" started-at="2024-04-01T15:57:01 IST" name="editCustomer" finished-at="2024-04-01T15:57:24 IST" duration-ms="22682" status="PASS">
          <reporter-output>
          </reporter-output>
        </test-method> <!-- editCustomer -->
        <test-method is-config="true" signature="tearDown()[pri:0, instance:com.inetBanking.testcases.TC_EditCustomer_004@117159c0]" started-at="2024-04-01T15:57:24 IST" name="tearDown" finished-at="2024-04-01T15:57:24 IST" duration-ms="491" status="PASS">
          <reporter-output>
          </reporter-output>
        </test-method> <!-- tearDown -->
      </class> <!-- com.inetBanking.testcases.TC_EditCustomer_004 -->
      <class name="com.inetBanking.testcases.TC_AddCustomer_003">
        <test-method is-config="true" signature="setup()[pri:0, instance:com.inetBanking.testcases.TC_AddCustomer_003@54422e18]" started-at="2024-04-01T15:55:54 IST" name="setup" finished-at="2024-04-01T15:56:25 IST" duration-ms="31451" status="PASS">
          <reporter-output>
          </reporter-output>
        </test-method> <!-- setup -->
        <test-method signature="addNewCustomer()[pri:0, instance:com.inetBanking.testcases.TC_AddCustomer_003@54422e18]" started-at="2024-04-01T15:56:25 IST" name="addNewCustomer" finished-at="2024-04-01T15:56:37 IST" duration-ms="11749" status="PASS">
          <reporter-output>
          </reporter-output>
        </test-method> <!-- addNewCustomer -->
        <test-method is-config="true" signature="tearDown()[pri:0, instance:com.inetBanking.testcases.TC_AddCustomer_003@54422e18]" started-at="2024-04-01T15:56:37 IST" name="tearDown" finished-at="2024-04-01T15:56:38 IST" duration-ms="482" status="PASS">
          <reporter-output>
          </reporter-output>
        </test-method> <!-- tearDown -->
      </class> <!-- com.inetBanking.testcases.TC_AddCustomer_003 -->
      <class name="com.inetBanking.testcases.TC_LoginTest_001">
        <test-method is-config="true" signature="setup()[pri:0, instance:com.inetBanking.testcases.TC_LoginTest_001@76b1e9b8]" started-at="2024-04-01T15:55:31 IST" name="setup" finished-at="2024-04-01T15:55:49 IST" duration-ms="17875" status="PASS">
          <reporter-output>
          </reporter-output>
        </test-method> <!-- setup -->
        <test-method signature="loginTest()[pri:0, instance:com.inetBanking.testcases.TC_LoginTest_001@76b1e9b8]" started-at="2024-04-01T15:55:49 IST" name="loginTest" finished-at="2024-04-01T15:55:53 IST" duration-ms="4573" status="PASS">
          <reporter-output>
          </reporter-output>
        </test-method> <!-- loginTest -->
        <test-method is-config="true" signature="tearDown()[pri:0, instance:com.inetBanking.testcases.TC_LoginTest_001@76b1e9b8]" started-at="2024-04-01T15:55:53 IST" name="tearDown" finished-at="2024-04-01T15:55:54 IST" duration-ms="480" status="PASS">
          <reporter-output>
          </reporter-output>
        </test-method> <!-- tearDown -->
      </class> <!-- com.inetBanking.testcases.TC_LoginTest_001 -->
      <class name="com.inetBanking.testcases.Tc_NewAccount_005">
        <test-method is-config="true" signature="setup()[pri:0, instance:com.inetBanking.testcases.Tc_NewAccount_005@3e27ba32]" started-at="2024-04-01T15:57:24 IST" name="setup" finished-at="2024-04-01T15:57:56 IST" duration-ms="31879" status="PASS">
          <reporter-output>
          </reporter-output>
        </test-method> <!-- setup -->
        <test-method signature="addNewCustomer()[pri:0, instance:com.inetBanking.testcases.Tc_NewAccount_005@3e27ba32]" started-at="2024-04-01T15:57:56 IST" name="addNewCustomer" finished-at="2024-04-01T15:58:15 IST" duration-ms="19430" status="PASS">
          <reporter-output>
          </reporter-output>
        </test-method> <!-- addNewCustomer -->
        <test-method is-config="true" signature="tearDown()[pri:0, instance:com.inetBanking.testcases.Tc_NewAccount_005@3e27ba32]" started-at="2024-04-01T15:58:15 IST" name="tearDown" finished-at="2024-04-01T15:58:16 IST" duration-ms="364" status="PASS">
          <reporter-output>
          </reporter-output>
        </test-method> <!-- tearDown -->
      </class> <!-- com.inetBanking.testcases.Tc_NewAccount_005 -->
    </test> <!-- Banking App Test -->
  </suite> <!-- in etBankingv1 -->
</testng-results>
